   1               		.file	"main.cpp"
   2               	__SP_H__ = 0x3e
   3               	__SP_L__ = 0x3d
   4               	__SREG__ = 0x3f
   5               	__tmp_reg__ = 0
   6               	__zero_reg__ = 1
   7               		.text
   8               	.Ltext0:
   9               		.cfi_sections	.debug_frame
  10               		.section	.rodata.str1.1,"aMS",@progbits,1
  11               	.LC0:
  12 0000 4341 4E20 		.string	"CAN Projekt LED Controller"
  12      5072 6F6A 
  12      656B 7420 
  12      4C45 4420 
  12      436F 6E74 
  13               	.LC1:
  14 001b 0A0D 00   		.string	"\n\r"
  15               	.LC2:
  16 001e 4765 6265 		.string	"Gebe die Adresse des Empf\303\244nger Boards an 0x01 = Board[1] 0x2 = Board[2] !"
  16      2064 6965 
  16      2041 6472 
  16      6573 7365 
  16      2064 6573 
  17               	.LC3:
  18 0069 4765 6265 		.string	"Gebe an welche LEDs angesteuert werden sollen 0 == LED1 an/aus !"
  18      2061 6E20 
  18      7765 6C63 
  18      6865 204C 
  18      4544 7320 
  19               		.section	.text.startup,"ax",@progbits
  20               	.global	main
  22               	main:
  23               	.LFB12:
  24               		.file 1 "main.cpp"
   1:main.cpp      **** #include <avr/io.h>
   2:main.cpp      **** #include <util/delay.h>
   3:main.cpp      **** #include <stdio.h>
   4:main.cpp      **** 
   5:main.cpp      **** #include "ATMega32_utility_bib.h"
   6:main.cpp      **** #include "can.h"
   7:main.cpp      **** 
   8:main.cpp      **** //#define debug // Ausgabe der Botschaften
   9:main.cpp      **** 
  10:main.cpp      **** #define adress 0x02 // Eigene eindeutige Addresse des RNControl Boards
  11:main.cpp      **** 
  12:main.cpp      **** Button B;
  13:main.cpp      **** uint8_t cnt=0;
  14:main.cpp      **** can_t sendmsg_Button;		// Message-Objekt auf dem Stack anlegen
  15:main.cpp      **** can_t resvmsg;		// Message-Objekt auf dem Stack anlegen
  16:main.cpp      **** 
  17:main.cpp      **** USART UART(8,0,1,9600);	// USART init 8 Zeichenbits , keien Paritätsbits , 1 Stoppbit, 9600 Zeiche
  18:main.cpp      **** char buffer[150];		// Buffer zur Zwschischenspeicherung von Zeichenketten
  19:main.cpp      **** 
  20:main.cpp      **** int main ()
  21:main.cpp      **** {
  25               		.loc 1 21 1 view -0
  26               		.cfi_startproc
  27 0000 CDB7      		in r28,__SP_L__
  28 0002 DEB7      		in r29,__SP_H__
  29               	.LCFI0:
  30               		.cfi_def_cfa_register 28
  31 0004 2D97      		sbiw r28,13
  32               	.LCFI1:
  33               		.cfi_def_cfa_offset 15
  34 0006 0FB6      		in __tmp_reg__,__SREG__
  35 0008 F894      		cli
  36 000a DEBF      		out __SP_H__,r29
  37 000c 0FBE      		out __SREG__,__tmp_reg__
  38 000e CDBF      		out __SP_L__,r28
  39               	/* prologue: function */
  40               	/* frame size = 13 */
  41               	/* stack size = 13 */
  42               	.L__stack_usage = 13
  22:main.cpp      **** 	DDRC = 0xFF;			// LED-Port: output
  43               		.loc 1 22 2 view .LVU1
  44               		.loc 1 22 7 is_stmt 0 view .LVU2
  45 0010 8FEF      		ldi r24,lo8(-1)
  46 0012 84BB      		out 0x14,r24
  23:main.cpp      **** 	PORTC = 0x00;			// LEDs ein
  47               		.loc 1 23 2 is_stmt 1 view .LVU3
  48               		.loc 1 23 8 is_stmt 0 view .LVU4
  49 0014 15BA      		out 0x15,__zero_reg__
  24:main.cpp      ****     _delay_ms(500);
  50               		.loc 1 24 5 is_stmt 1 view .LVU5
  51               	.LVL0:
  52               	.LBB8:
  53               	.LBI8:
  54               		.file 2 "/opt/homebrew/Cellar/avr-gcc@9/9.3.0_3/avr/include/util/delay.h"
   1:/opt/homebrew/Cellar/avr-gcc@9/9.3.0_3/avr/include/util/delay.h **** /* Copyright (c) 2002, Marek Michalkiewicz
   2:/opt/homebrew/Cellar/avr-gcc@9/9.3.0_3/avr/include/util/delay.h ****    Copyright (c) 2004,2005,2007 Joerg Wunsch
   3:/opt/homebrew/Cellar/avr-gcc@9/9.3.0_3/avr/include/util/delay.h ****    Copyright (c) 2007  Florin-Viorel Petrov
   4:/opt/homebrew/Cellar/avr-gcc@9/9.3.0_3/avr/include/util/delay.h ****    All rights reserved.
   5:/opt/homebrew/Cellar/avr-gcc@9/9.3.0_3/avr/include/util/delay.h **** 
   6:/opt/homebrew/Cellar/avr-gcc@9/9.3.0_3/avr/include/util/delay.h ****    Redistribution and use in source and binary forms, with or without
   7:/opt/homebrew/Cellar/avr-gcc@9/9.3.0_3/avr/include/util/delay.h ****    modification, are permitted provided that the following conditions are met:
   8:/opt/homebrew/Cellar/avr-gcc@9/9.3.0_3/avr/include/util/delay.h **** 
   9:/opt/homebrew/Cellar/avr-gcc@9/9.3.0_3/avr/include/util/delay.h ****    * Redistributions of source code must retain the above copyright
  10:/opt/homebrew/Cellar/avr-gcc@9/9.3.0_3/avr/include/util/delay.h ****      notice, this list of conditions and the following disclaimer.
  11:/opt/homebrew/Cellar/avr-gcc@9/9.3.0_3/avr/include/util/delay.h **** 
  12:/opt/homebrew/Cellar/avr-gcc@9/9.3.0_3/avr/include/util/delay.h ****    * Redistributions in binary form must reproduce the above copyright
  13:/opt/homebrew/Cellar/avr-gcc@9/9.3.0_3/avr/include/util/delay.h ****      notice, this list of conditions and the following disclaimer in
  14:/opt/homebrew/Cellar/avr-gcc@9/9.3.0_3/avr/include/util/delay.h ****      the documentation and/or other materials provided with the
  15:/opt/homebrew/Cellar/avr-gcc@9/9.3.0_3/avr/include/util/delay.h ****      distribution.
  16:/opt/homebrew/Cellar/avr-gcc@9/9.3.0_3/avr/include/util/delay.h **** 
  17:/opt/homebrew/Cellar/avr-gcc@9/9.3.0_3/avr/include/util/delay.h ****    * Neither the name of the copyright holders nor the names of
  18:/opt/homebrew/Cellar/avr-gcc@9/9.3.0_3/avr/include/util/delay.h ****      contributors may be used to endorse or promote products derived
  19:/opt/homebrew/Cellar/avr-gcc@9/9.3.0_3/avr/include/util/delay.h ****      from this software without specific prior written permission.
  20:/opt/homebrew/Cellar/avr-gcc@9/9.3.0_3/avr/include/util/delay.h **** 
  21:/opt/homebrew/Cellar/avr-gcc@9/9.3.0_3/avr/include/util/delay.h ****   THIS SOFTWARE IS PROVIDED BY THE COPYRIGHT HOLDERS AND CONTRIBUTORS "AS IS"
  22:/opt/homebrew/Cellar/avr-gcc@9/9.3.0_3/avr/include/util/delay.h ****   AND ANY EXPRESS OR IMPLIED WARRANTIES, INCLUDING, BUT NOT LIMITED TO, THE
  23:/opt/homebrew/Cellar/avr-gcc@9/9.3.0_3/avr/include/util/delay.h ****   IMPLIED WARRANTIES OF MERCHANTABILITY AND FITNESS FOR A PARTICULAR PURPOSE
  24:/opt/homebrew/Cellar/avr-gcc@9/9.3.0_3/avr/include/util/delay.h ****   ARE DISCLAIMED. IN NO EVENT SHALL THE COPYRIGHT OWNER OR CONTRIBUTORS BE
  25:/opt/homebrew/Cellar/avr-gcc@9/9.3.0_3/avr/include/util/delay.h ****   LIABLE FOR ANY DIRECT, INDIRECT, INCIDENTAL, SPECIAL, EXEMPLARY, OR
  26:/opt/homebrew/Cellar/avr-gcc@9/9.3.0_3/avr/include/util/delay.h ****   CONSEQUENTIAL DAMAGES (INCLUDING, BUT NOT LIMITED TO, PROCUREMENT OF
  27:/opt/homebrew/Cellar/avr-gcc@9/9.3.0_3/avr/include/util/delay.h ****   SUBSTITUTE GOODS OR SERVICES; LOSS OF USE, DATA, OR PROFITS; OR BUSINESS
  28:/opt/homebrew/Cellar/avr-gcc@9/9.3.0_3/avr/include/util/delay.h ****   INTERRUPTION) HOWEVER CAUSED AND ON ANY THEORY OF LIABILITY, WHETHER IN
  29:/opt/homebrew/Cellar/avr-gcc@9/9.3.0_3/avr/include/util/delay.h ****   CONTRACT, STRICT LIABILITY, OR TORT (INCLUDING NEGLIGENCE OR OTHERWISE)
  30:/opt/homebrew/Cellar/avr-gcc@9/9.3.0_3/avr/include/util/delay.h ****   ARISING IN ANY WAY OUT OF THE USE OF THIS SOFTWARE, EVEN IF ADVISED OF THE
  31:/opt/homebrew/Cellar/avr-gcc@9/9.3.0_3/avr/include/util/delay.h ****   POSSIBILITY OF SUCH DAMAGE. */
  32:/opt/homebrew/Cellar/avr-gcc@9/9.3.0_3/avr/include/util/delay.h **** 
  33:/opt/homebrew/Cellar/avr-gcc@9/9.3.0_3/avr/include/util/delay.h **** /* $Id: delay.h.in 2506 2016-02-08 10:05:45Z joerg_wunsch $ */
  34:/opt/homebrew/Cellar/avr-gcc@9/9.3.0_3/avr/include/util/delay.h **** 
  35:/opt/homebrew/Cellar/avr-gcc@9/9.3.0_3/avr/include/util/delay.h **** #ifndef _UTIL_DELAY_H_
  36:/opt/homebrew/Cellar/avr-gcc@9/9.3.0_3/avr/include/util/delay.h **** #define _UTIL_DELAY_H_ 1
  37:/opt/homebrew/Cellar/avr-gcc@9/9.3.0_3/avr/include/util/delay.h **** 
  38:/opt/homebrew/Cellar/avr-gcc@9/9.3.0_3/avr/include/util/delay.h **** #ifndef __DOXYGEN__
  39:/opt/homebrew/Cellar/avr-gcc@9/9.3.0_3/avr/include/util/delay.h **** #  ifndef __HAS_DELAY_CYCLES
  40:/opt/homebrew/Cellar/avr-gcc@9/9.3.0_3/avr/include/util/delay.h **** #    define __HAS_DELAY_CYCLES 1
  41:/opt/homebrew/Cellar/avr-gcc@9/9.3.0_3/avr/include/util/delay.h **** #  endif
  42:/opt/homebrew/Cellar/avr-gcc@9/9.3.0_3/avr/include/util/delay.h **** #endif  /* __DOXYGEN__ */
  43:/opt/homebrew/Cellar/avr-gcc@9/9.3.0_3/avr/include/util/delay.h **** 
  44:/opt/homebrew/Cellar/avr-gcc@9/9.3.0_3/avr/include/util/delay.h **** #include <inttypes.h>
  45:/opt/homebrew/Cellar/avr-gcc@9/9.3.0_3/avr/include/util/delay.h **** #include <util/delay_basic.h>
  46:/opt/homebrew/Cellar/avr-gcc@9/9.3.0_3/avr/include/util/delay.h **** #include <math.h>
  47:/opt/homebrew/Cellar/avr-gcc@9/9.3.0_3/avr/include/util/delay.h **** 
  48:/opt/homebrew/Cellar/avr-gcc@9/9.3.0_3/avr/include/util/delay.h **** /** \file */
  49:/opt/homebrew/Cellar/avr-gcc@9/9.3.0_3/avr/include/util/delay.h **** /** \defgroup util_delay <util/delay.h>: Convenience functions for busy-wait delay loops
  50:/opt/homebrew/Cellar/avr-gcc@9/9.3.0_3/avr/include/util/delay.h ****     \code
  51:/opt/homebrew/Cellar/avr-gcc@9/9.3.0_3/avr/include/util/delay.h ****     #define F_CPU 1000000UL  // 1 MHz
  52:/opt/homebrew/Cellar/avr-gcc@9/9.3.0_3/avr/include/util/delay.h ****     //#define F_CPU 14.7456E6
  53:/opt/homebrew/Cellar/avr-gcc@9/9.3.0_3/avr/include/util/delay.h ****     #include <util/delay.h>
  54:/opt/homebrew/Cellar/avr-gcc@9/9.3.0_3/avr/include/util/delay.h ****     \endcode
  55:/opt/homebrew/Cellar/avr-gcc@9/9.3.0_3/avr/include/util/delay.h **** 
  56:/opt/homebrew/Cellar/avr-gcc@9/9.3.0_3/avr/include/util/delay.h ****     \note As an alternative method, it is possible to pass the
  57:/opt/homebrew/Cellar/avr-gcc@9/9.3.0_3/avr/include/util/delay.h ****     F_CPU macro down to the compiler from the Makefile.
  58:/opt/homebrew/Cellar/avr-gcc@9/9.3.0_3/avr/include/util/delay.h ****     Obviously, in that case, no \c \#define statement should be
  59:/opt/homebrew/Cellar/avr-gcc@9/9.3.0_3/avr/include/util/delay.h ****     used.
  60:/opt/homebrew/Cellar/avr-gcc@9/9.3.0_3/avr/include/util/delay.h **** 
  61:/opt/homebrew/Cellar/avr-gcc@9/9.3.0_3/avr/include/util/delay.h ****     The functions in this header file are wrappers around the basic
  62:/opt/homebrew/Cellar/avr-gcc@9/9.3.0_3/avr/include/util/delay.h ****     busy-wait functions from <util/delay_basic.h>.  They are meant as
  63:/opt/homebrew/Cellar/avr-gcc@9/9.3.0_3/avr/include/util/delay.h ****     convenience functions where actual time values can be specified
  64:/opt/homebrew/Cellar/avr-gcc@9/9.3.0_3/avr/include/util/delay.h ****     rather than a number of cycles to wait for.  The idea behind is
  65:/opt/homebrew/Cellar/avr-gcc@9/9.3.0_3/avr/include/util/delay.h ****     that compile-time constant expressions will be eliminated by
  66:/opt/homebrew/Cellar/avr-gcc@9/9.3.0_3/avr/include/util/delay.h ****     compiler optimization so floating-point expressions can be used
  67:/opt/homebrew/Cellar/avr-gcc@9/9.3.0_3/avr/include/util/delay.h ****     to calculate the number of delay cycles needed based on the CPU
  68:/opt/homebrew/Cellar/avr-gcc@9/9.3.0_3/avr/include/util/delay.h ****     frequency passed by the macro F_CPU.
  69:/opt/homebrew/Cellar/avr-gcc@9/9.3.0_3/avr/include/util/delay.h **** 
  70:/opt/homebrew/Cellar/avr-gcc@9/9.3.0_3/avr/include/util/delay.h ****     \note In order for these functions to work as intended, compiler
  71:/opt/homebrew/Cellar/avr-gcc@9/9.3.0_3/avr/include/util/delay.h ****     optimizations <em>must</em> be enabled, and the delay time
  72:/opt/homebrew/Cellar/avr-gcc@9/9.3.0_3/avr/include/util/delay.h ****     <em>must</em> be an expression that is a known constant at
  73:/opt/homebrew/Cellar/avr-gcc@9/9.3.0_3/avr/include/util/delay.h ****     compile-time.  If these requirements are not met, the resulting
  74:/opt/homebrew/Cellar/avr-gcc@9/9.3.0_3/avr/include/util/delay.h ****     delay will be much longer (and basically unpredictable), and
  75:/opt/homebrew/Cellar/avr-gcc@9/9.3.0_3/avr/include/util/delay.h ****     applications that otherwise do not use floating-point calculations
  76:/opt/homebrew/Cellar/avr-gcc@9/9.3.0_3/avr/include/util/delay.h ****     will experience severe code bloat by the floating-point library
  77:/opt/homebrew/Cellar/avr-gcc@9/9.3.0_3/avr/include/util/delay.h ****     routines linked into the application.
  78:/opt/homebrew/Cellar/avr-gcc@9/9.3.0_3/avr/include/util/delay.h **** 
  79:/opt/homebrew/Cellar/avr-gcc@9/9.3.0_3/avr/include/util/delay.h ****     The functions available allow the specification of microsecond, and
  80:/opt/homebrew/Cellar/avr-gcc@9/9.3.0_3/avr/include/util/delay.h ****     millisecond delays directly, using the application-supplied macro
  81:/opt/homebrew/Cellar/avr-gcc@9/9.3.0_3/avr/include/util/delay.h ****     F_CPU as the CPU clock frequency (in Hertz).
  82:/opt/homebrew/Cellar/avr-gcc@9/9.3.0_3/avr/include/util/delay.h **** 
  83:/opt/homebrew/Cellar/avr-gcc@9/9.3.0_3/avr/include/util/delay.h **** */
  84:/opt/homebrew/Cellar/avr-gcc@9/9.3.0_3/avr/include/util/delay.h **** 
  85:/opt/homebrew/Cellar/avr-gcc@9/9.3.0_3/avr/include/util/delay.h **** #if !defined(__DOXYGEN__)
  86:/opt/homebrew/Cellar/avr-gcc@9/9.3.0_3/avr/include/util/delay.h **** static __inline__ void _delay_us(double __us) __attribute__((__always_inline__));
  87:/opt/homebrew/Cellar/avr-gcc@9/9.3.0_3/avr/include/util/delay.h **** static __inline__ void _delay_ms(double __ms) __attribute__((__always_inline__));
  88:/opt/homebrew/Cellar/avr-gcc@9/9.3.0_3/avr/include/util/delay.h **** #endif
  89:/opt/homebrew/Cellar/avr-gcc@9/9.3.0_3/avr/include/util/delay.h **** 
  90:/opt/homebrew/Cellar/avr-gcc@9/9.3.0_3/avr/include/util/delay.h **** #ifndef F_CPU
  91:/opt/homebrew/Cellar/avr-gcc@9/9.3.0_3/avr/include/util/delay.h **** /* prevent compiler error by supplying a default */
  92:/opt/homebrew/Cellar/avr-gcc@9/9.3.0_3/avr/include/util/delay.h **** # warning "F_CPU not defined for <util/delay.h>"
  93:/opt/homebrew/Cellar/avr-gcc@9/9.3.0_3/avr/include/util/delay.h **** /** \ingroup util_delay
  94:/opt/homebrew/Cellar/avr-gcc@9/9.3.0_3/avr/include/util/delay.h ****     \def F_CPU
  95:/opt/homebrew/Cellar/avr-gcc@9/9.3.0_3/avr/include/util/delay.h ****     \brief CPU frequency in Hz
  96:/opt/homebrew/Cellar/avr-gcc@9/9.3.0_3/avr/include/util/delay.h **** 
  97:/opt/homebrew/Cellar/avr-gcc@9/9.3.0_3/avr/include/util/delay.h ****     The macro F_CPU specifies the CPU frequency to be considered by
  98:/opt/homebrew/Cellar/avr-gcc@9/9.3.0_3/avr/include/util/delay.h ****     the delay macros.  This macro is normally supplied by the
  99:/opt/homebrew/Cellar/avr-gcc@9/9.3.0_3/avr/include/util/delay.h ****     environment (e.g. from within a project header, or the project's
 100:/opt/homebrew/Cellar/avr-gcc@9/9.3.0_3/avr/include/util/delay.h ****     Makefile).  The value 1 MHz here is only provided as a "vanilla"
 101:/opt/homebrew/Cellar/avr-gcc@9/9.3.0_3/avr/include/util/delay.h ****     fallback if no such user-provided definition could be found.
 102:/opt/homebrew/Cellar/avr-gcc@9/9.3.0_3/avr/include/util/delay.h **** 
 103:/opt/homebrew/Cellar/avr-gcc@9/9.3.0_3/avr/include/util/delay.h ****     In terms of the delay functions, the CPU frequency can be given as
 104:/opt/homebrew/Cellar/avr-gcc@9/9.3.0_3/avr/include/util/delay.h ****     a floating-point constant (e.g. 3.6864E6 for 3.6864 MHz).
 105:/opt/homebrew/Cellar/avr-gcc@9/9.3.0_3/avr/include/util/delay.h ****     However, the macros in <util/setbaud.h> require it to be an
 106:/opt/homebrew/Cellar/avr-gcc@9/9.3.0_3/avr/include/util/delay.h ****     integer value.
 107:/opt/homebrew/Cellar/avr-gcc@9/9.3.0_3/avr/include/util/delay.h ****  */
 108:/opt/homebrew/Cellar/avr-gcc@9/9.3.0_3/avr/include/util/delay.h **** # define F_CPU 1000000UL
 109:/opt/homebrew/Cellar/avr-gcc@9/9.3.0_3/avr/include/util/delay.h **** #endif
 110:/opt/homebrew/Cellar/avr-gcc@9/9.3.0_3/avr/include/util/delay.h **** 
 111:/opt/homebrew/Cellar/avr-gcc@9/9.3.0_3/avr/include/util/delay.h **** #ifndef __OPTIMIZE__
 112:/opt/homebrew/Cellar/avr-gcc@9/9.3.0_3/avr/include/util/delay.h **** # warning "Compiler optimizations disabled; functions from <util/delay.h> won't work as designed"
 113:/opt/homebrew/Cellar/avr-gcc@9/9.3.0_3/avr/include/util/delay.h **** #endif
 114:/opt/homebrew/Cellar/avr-gcc@9/9.3.0_3/avr/include/util/delay.h **** 
 115:/opt/homebrew/Cellar/avr-gcc@9/9.3.0_3/avr/include/util/delay.h **** #if __HAS_DELAY_CYCLES && defined(__OPTIMIZE__) && \
 116:/opt/homebrew/Cellar/avr-gcc@9/9.3.0_3/avr/include/util/delay.h ****   !defined(__DELAY_BACKWARD_COMPATIBLE__) &&	   \
 117:/opt/homebrew/Cellar/avr-gcc@9/9.3.0_3/avr/include/util/delay.h ****   __STDC_HOSTED__
 118:/opt/homebrew/Cellar/avr-gcc@9/9.3.0_3/avr/include/util/delay.h **** #  include <math.h>
 119:/opt/homebrew/Cellar/avr-gcc@9/9.3.0_3/avr/include/util/delay.h **** #endif
 120:/opt/homebrew/Cellar/avr-gcc@9/9.3.0_3/avr/include/util/delay.h **** 
 121:/opt/homebrew/Cellar/avr-gcc@9/9.3.0_3/avr/include/util/delay.h **** /**
 122:/opt/homebrew/Cellar/avr-gcc@9/9.3.0_3/avr/include/util/delay.h ****    \ingroup util_delay
 123:/opt/homebrew/Cellar/avr-gcc@9/9.3.0_3/avr/include/util/delay.h **** 
 124:/opt/homebrew/Cellar/avr-gcc@9/9.3.0_3/avr/include/util/delay.h ****    Perform a delay of \c __ms milliseconds, using _delay_loop_2().
 125:/opt/homebrew/Cellar/avr-gcc@9/9.3.0_3/avr/include/util/delay.h **** 
 126:/opt/homebrew/Cellar/avr-gcc@9/9.3.0_3/avr/include/util/delay.h ****    The macro F_CPU is supposed to be defined to a
 127:/opt/homebrew/Cellar/avr-gcc@9/9.3.0_3/avr/include/util/delay.h ****    constant defining the CPU clock frequency (in Hertz).
 128:/opt/homebrew/Cellar/avr-gcc@9/9.3.0_3/avr/include/util/delay.h **** 
 129:/opt/homebrew/Cellar/avr-gcc@9/9.3.0_3/avr/include/util/delay.h ****    The maximal possible delay is 262.14 ms / F_CPU in MHz.
 130:/opt/homebrew/Cellar/avr-gcc@9/9.3.0_3/avr/include/util/delay.h **** 
 131:/opt/homebrew/Cellar/avr-gcc@9/9.3.0_3/avr/include/util/delay.h ****    When the user request delay which exceed the maximum possible one,
 132:/opt/homebrew/Cellar/avr-gcc@9/9.3.0_3/avr/include/util/delay.h ****    _delay_ms() provides a decreased resolution functionality. In this
 133:/opt/homebrew/Cellar/avr-gcc@9/9.3.0_3/avr/include/util/delay.h ****    mode _delay_ms() will work with a resolution of 1/10 ms, providing
 134:/opt/homebrew/Cellar/avr-gcc@9/9.3.0_3/avr/include/util/delay.h ****    delays up to 6.5535 seconds (independent from CPU frequency).  The
 135:/opt/homebrew/Cellar/avr-gcc@9/9.3.0_3/avr/include/util/delay.h ****    user will not be informed about decreased resolution.
 136:/opt/homebrew/Cellar/avr-gcc@9/9.3.0_3/avr/include/util/delay.h **** 
 137:/opt/homebrew/Cellar/avr-gcc@9/9.3.0_3/avr/include/util/delay.h ****    If the avr-gcc toolchain has __builtin_avr_delay_cycles()
 138:/opt/homebrew/Cellar/avr-gcc@9/9.3.0_3/avr/include/util/delay.h ****    support, maximal possible delay is 4294967.295 ms/ F_CPU in MHz. For
 139:/opt/homebrew/Cellar/avr-gcc@9/9.3.0_3/avr/include/util/delay.h ****    values greater than the maximal possible delay, overflows results in
 140:/opt/homebrew/Cellar/avr-gcc@9/9.3.0_3/avr/include/util/delay.h ****    no delay i.e., 0ms.
 141:/opt/homebrew/Cellar/avr-gcc@9/9.3.0_3/avr/include/util/delay.h **** 
 142:/opt/homebrew/Cellar/avr-gcc@9/9.3.0_3/avr/include/util/delay.h ****    Conversion of \c __ms into clock cycles may not always result in
 143:/opt/homebrew/Cellar/avr-gcc@9/9.3.0_3/avr/include/util/delay.h ****    integer.  By default, the clock cycles rounded up to next
 144:/opt/homebrew/Cellar/avr-gcc@9/9.3.0_3/avr/include/util/delay.h ****    integer. This ensures that the user gets at least \c __ms
 145:/opt/homebrew/Cellar/avr-gcc@9/9.3.0_3/avr/include/util/delay.h ****    microseconds of delay.
 146:/opt/homebrew/Cellar/avr-gcc@9/9.3.0_3/avr/include/util/delay.h **** 
 147:/opt/homebrew/Cellar/avr-gcc@9/9.3.0_3/avr/include/util/delay.h ****    Alternatively, by defining the macro \c __DELAY_ROUND_DOWN__, or
 148:/opt/homebrew/Cellar/avr-gcc@9/9.3.0_3/avr/include/util/delay.h ****    \c __DELAY_ROUND_CLOSEST__, before including this header file, the
 149:/opt/homebrew/Cellar/avr-gcc@9/9.3.0_3/avr/include/util/delay.h ****    algorithm can be made to round down, or round to closest integer,
 150:/opt/homebrew/Cellar/avr-gcc@9/9.3.0_3/avr/include/util/delay.h ****    respectively.
 151:/opt/homebrew/Cellar/avr-gcc@9/9.3.0_3/avr/include/util/delay.h **** 
 152:/opt/homebrew/Cellar/avr-gcc@9/9.3.0_3/avr/include/util/delay.h ****    \note
 153:/opt/homebrew/Cellar/avr-gcc@9/9.3.0_3/avr/include/util/delay.h **** 
 154:/opt/homebrew/Cellar/avr-gcc@9/9.3.0_3/avr/include/util/delay.h ****    The implementation of _delay_ms() based on
 155:/opt/homebrew/Cellar/avr-gcc@9/9.3.0_3/avr/include/util/delay.h ****    __builtin_avr_delay_cycles() is not backward compatible with older
 156:/opt/homebrew/Cellar/avr-gcc@9/9.3.0_3/avr/include/util/delay.h ****    implementations.  In order to get functionality backward compatible
 157:/opt/homebrew/Cellar/avr-gcc@9/9.3.0_3/avr/include/util/delay.h ****    with previous versions, the macro \c "__DELAY_BACKWARD_COMPATIBLE__"
 158:/opt/homebrew/Cellar/avr-gcc@9/9.3.0_3/avr/include/util/delay.h ****    must be defined before including this header file. Also, the
 159:/opt/homebrew/Cellar/avr-gcc@9/9.3.0_3/avr/include/util/delay.h ****    backward compatible algorithm will be chosen if the code is
 160:/opt/homebrew/Cellar/avr-gcc@9/9.3.0_3/avr/include/util/delay.h ****    compiled in a <em>freestanding environment</em> (GCC option
 161:/opt/homebrew/Cellar/avr-gcc@9/9.3.0_3/avr/include/util/delay.h ****    \c -ffreestanding), as the math functions required for rounding are
 162:/opt/homebrew/Cellar/avr-gcc@9/9.3.0_3/avr/include/util/delay.h ****    not available to the compiler then.
 163:/opt/homebrew/Cellar/avr-gcc@9/9.3.0_3/avr/include/util/delay.h **** 
 164:/opt/homebrew/Cellar/avr-gcc@9/9.3.0_3/avr/include/util/delay.h ****  */
 165:/opt/homebrew/Cellar/avr-gcc@9/9.3.0_3/avr/include/util/delay.h **** void
 166:/opt/homebrew/Cellar/avr-gcc@9/9.3.0_3/avr/include/util/delay.h **** _delay_ms(double __ms)
  55               		.loc 2 166 1 view .LVU6
  56               	.LBB9:
 167:/opt/homebrew/Cellar/avr-gcc@9/9.3.0_3/avr/include/util/delay.h **** {
 168:/opt/homebrew/Cellar/avr-gcc@9/9.3.0_3/avr/include/util/delay.h **** 	double __tmp ;
  57               		.loc 2 168 2 view .LVU7
 169:/opt/homebrew/Cellar/avr-gcc@9/9.3.0_3/avr/include/util/delay.h **** #if __HAS_DELAY_CYCLES && defined(__OPTIMIZE__) && \
 170:/opt/homebrew/Cellar/avr-gcc@9/9.3.0_3/avr/include/util/delay.h ****   !defined(__DELAY_BACKWARD_COMPATIBLE__) &&	   \
 171:/opt/homebrew/Cellar/avr-gcc@9/9.3.0_3/avr/include/util/delay.h ****   __STDC_HOSTED__
 172:/opt/homebrew/Cellar/avr-gcc@9/9.3.0_3/avr/include/util/delay.h **** 	uint32_t __ticks_dc;
  58               		.loc 2 172 2 view .LVU8
 173:/opt/homebrew/Cellar/avr-gcc@9/9.3.0_3/avr/include/util/delay.h **** 	extern void __builtin_avr_delay_cycles(unsigned long);
  59               		.loc 2 173 2 view .LVU9
 174:/opt/homebrew/Cellar/avr-gcc@9/9.3.0_3/avr/include/util/delay.h **** 	__tmp = ((F_CPU) / 1e3) * __ms;
  60               		.loc 2 174 2 view .LVU10
 175:/opt/homebrew/Cellar/avr-gcc@9/9.3.0_3/avr/include/util/delay.h **** 
 176:/opt/homebrew/Cellar/avr-gcc@9/9.3.0_3/avr/include/util/delay.h **** 	#if defined(__DELAY_ROUND_DOWN__)
 177:/opt/homebrew/Cellar/avr-gcc@9/9.3.0_3/avr/include/util/delay.h **** 		__ticks_dc = (uint32_t)fabs(__tmp);
 178:/opt/homebrew/Cellar/avr-gcc@9/9.3.0_3/avr/include/util/delay.h **** 
 179:/opt/homebrew/Cellar/avr-gcc@9/9.3.0_3/avr/include/util/delay.h **** 	#elif defined(__DELAY_ROUND_CLOSEST__)
 180:/opt/homebrew/Cellar/avr-gcc@9/9.3.0_3/avr/include/util/delay.h **** 		__ticks_dc = (uint32_t)(fabs(__tmp)+0.5);
 181:/opt/homebrew/Cellar/avr-gcc@9/9.3.0_3/avr/include/util/delay.h **** 
 182:/opt/homebrew/Cellar/avr-gcc@9/9.3.0_3/avr/include/util/delay.h **** 	#else
 183:/opt/homebrew/Cellar/avr-gcc@9/9.3.0_3/avr/include/util/delay.h **** 		//round up by default
 184:/opt/homebrew/Cellar/avr-gcc@9/9.3.0_3/avr/include/util/delay.h **** 		__ticks_dc = (uint32_t)(ceil(fabs(__tmp)));
  61               		.loc 2 184 3 view .LVU11
 185:/opt/homebrew/Cellar/avr-gcc@9/9.3.0_3/avr/include/util/delay.h **** 	#endif
 186:/opt/homebrew/Cellar/avr-gcc@9/9.3.0_3/avr/include/util/delay.h **** 
 187:/opt/homebrew/Cellar/avr-gcc@9/9.3.0_3/avr/include/util/delay.h **** 	__builtin_avr_delay_cycles(__ticks_dc);
  62               		.loc 2 187 2 view .LVU12
  63               		.loc 2 187 28 is_stmt 0 view .LVU13
  64 0016 2FEF      		ldi r18,lo8(1599999)
  65 0018 39E6      		ldi r19,hi8(1599999)
  66 001a 98E1      		ldi r25,hlo8(1599999)
  67 001c 2150      	1:	subi r18,1
  68 001e 3040      		sbci r19,0
  69 0020 9040      		sbci r25,0
  70 0022 01F4      		brne 1b
  71 0024 00C0      		rjmp .
  72 0026 0000      		nop
  73               	.LVL1:
  74               		.loc 2 187 28 view .LVU14
  75               	.LBE9:
  76               	.LBE8:
  25:main.cpp      ****     PORTC = 0xFF;            // LEDs aus
  77               		.loc 1 25 5 is_stmt 1 view .LVU15
  78               		.loc 1 25 11 is_stmt 0 view .LVU16
  79 0028 85BB      		out 0x15,r24
  26:main.cpp      ****     
  27:main.cpp      **** 	can_init(BITRATE_500_KBPS);      // CAN init 500 kbit/s
  80               		.loc 1 27 2 is_stmt 1 view .LVU17
  81               		.loc 1 27 10 is_stmt 0 view .LVU18
  82 002a 86E0      		ldi r24,lo8(6)
  83 002c 0E94 0000 		call can_init
  84               	.LVL2:
  28:main.cpp      **** 
  29:main.cpp      **** 	
  30:main.cpp      **** 	
  31:main.cpp      ****    	can_t sendmsg_LED;          // Message-Objekt auf dem Stack anlegen
  85               		.loc 1 31 5 is_stmt 1 view .LVU19
  32:main.cpp      **** 	
  33:main.cpp      ****         sendmsg_LED.id = 0x74;          // ID setzen, hier: dec
  86               		.loc 1 33 9 view .LVU20
  87               		.loc 1 33 24 is_stmt 0 view .LVU21
  88 0030 84E7      		ldi r24,lo8(116)
  89 0032 90E0      		ldi r25,0
  90 0034 9A83      		std Y+2,r25
  91 0036 8983      		std Y+1,r24
  34:main.cpp      ****         sendmsg_LED.flags.rtr = 0;      // Remote-Transmission-Request -> aus
  92               		.loc 1 34 9 is_stmt 1 view .LVU22
  93               		.loc 1 34 31 is_stmt 0 view .LVU23
  94 0038 8B81      		ldd r24,Y+3
  95 003a 8E7F      		andi r24,lo8(~(1<<0))
  96 003c 8B83      		std Y+3,r24
  35:main.cpp      ****         sendmsg_LED.length = 2;         // Länge der Nachricht: 2 Byte
  97               		.loc 1 35 9 is_stmt 1 view .LVU24
  98               		.loc 1 35 28 is_stmt 0 view .LVU25
  99 003e 82E0      		ldi r24,lo8(2)
 100 0040 8C83      		std Y+4,r24
  36:main.cpp      **** 	
  37:main.cpp      **** 	sprintf(buffer,"CAN Projekt LED Controller");	// Zeichenkette erzeugen und in dn Zwischenspeicher 
 101               		.loc 1 37 2 is_stmt 1 view .LVU26
 102               		.loc 1 37 9 is_stmt 0 view .LVU27
 103 0042 60E0      		ldi r22,lo8(.LC0)
 104 0044 70E0      		ldi r23,hi8(.LC0)
 105 0046 80E0      		ldi r24,lo8(buffer)
 106 0048 90E0      		ldi r25,hi8(buffer)
 107 004a 0E94 0000 		call strcpy
 108               	.LVL3:
  38:main.cpp      **** 	UART.UsartPuts(buffer);		   // Ausgeben
 109               		.loc 1 38 2 is_stmt 1 view .LVU28
 110               		.loc 1 38 16 is_stmt 0 view .LVU29
 111 004e 60E0      		ldi r22,lo8(buffer)
 112 0050 70E0      		ldi r23,hi8(buffer)
 113 0052 80E0      		ldi r24,lo8(UART)
 114 0054 90E0      		ldi r25,hi8(UART)
 115 0056 0E94 0000 		call _ZN5USART9UsartPutsEPc
 116               	.LVL4:
  39:main.cpp      **** 	UART.UsartPuts("\n\r");		   // Neue Zeile
 117               		.loc 1 39 2 is_stmt 1 view .LVU30
 118               		.loc 1 39 16 is_stmt 0 view .LVU31
 119 005a 60E0      		ldi r22,lo8(.LC1)
 120 005c 70E0      		ldi r23,hi8(.LC1)
 121 005e 80E0      		ldi r24,lo8(UART)
 122 0060 90E0      		ldi r25,hi8(UART)
 123 0062 0E94 0000 		call _ZN5USART9UsartPutsEPc
 124               	.LVL5:
  40:main.cpp      **** 	UART.UsartPuts("\n\r");		   // Neue Zeile
 125               		.loc 1 40 2 is_stmt 1 view .LVU32
 126               		.loc 1 40 16 is_stmt 0 view .LVU33
 127 0066 60E0      		ldi r22,lo8(.LC1)
 128 0068 70E0      		ldi r23,hi8(.LC1)
 129 006a 80E0      		ldi r24,lo8(UART)
 130 006c 90E0      		ldi r25,hi8(UART)
 131 006e 0E94 0000 		call _ZN5USART9UsartPutsEPc
 132               	.LVL6:
  41:main.cpp      **** 	_delay_ms(500);
 133               		.loc 1 41 2 is_stmt 1 view .LVU34
 134               	.LBB10:
 135               	.LBI10:
 166:/opt/homebrew/Cellar/avr-gcc@9/9.3.0_3/avr/include/util/delay.h **** {
 136               		.loc 2 166 1 view .LVU35
 137               	.LBB11:
 168:/opt/homebrew/Cellar/avr-gcc@9/9.3.0_3/avr/include/util/delay.h **** #if __HAS_DELAY_CYCLES && defined(__OPTIMIZE__) && \
 138               		.loc 2 168 2 view .LVU36
 172:/opt/homebrew/Cellar/avr-gcc@9/9.3.0_3/avr/include/util/delay.h **** 	extern void __builtin_avr_delay_cycles(unsigned long);
 139               		.loc 2 172 2 view .LVU37
 173:/opt/homebrew/Cellar/avr-gcc@9/9.3.0_3/avr/include/util/delay.h **** 	__tmp = ((F_CPU) / 1e3) * __ms;
 140               		.loc 2 173 2 view .LVU38
 174:/opt/homebrew/Cellar/avr-gcc@9/9.3.0_3/avr/include/util/delay.h **** 
 141               		.loc 2 174 2 view .LVU39
 184:/opt/homebrew/Cellar/avr-gcc@9/9.3.0_3/avr/include/util/delay.h **** 	#endif
 142               		.loc 2 184 3 view .LVU40
 143               		.loc 2 187 2 view .LVU41
 144               		.loc 2 187 28 is_stmt 0 view .LVU42
 145 0072 2FEF      		ldi r18,lo8(1599999)
 146 0074 39E6      		ldi r19,hi8(1599999)
 147 0076 88E1      		ldi r24,hlo8(1599999)
 148 0078 2150      	1:	subi r18,1
 149 007a 3040      		sbci r19,0
 150 007c 8040      		sbci r24,0
 151 007e 01F4      		brne 1b
 152 0080 00C0      		rjmp .
 153 0082 0000      		nop
 154               	.LVL7:
 155               		.loc 2 187 28 view .LVU43
 156               	.LBE11:
 157               	.LBE10:
  42:main.cpp      **** 	
  43:main.cpp      **** 
  44:main.cpp      **** 	Timer T; 
 158               		.loc 1 44 2 is_stmt 1 view .LVU44
 159               		.loc 1 44 8 is_stmt 0 view .LVU45
 160 0084 CE01      		movw r24,r28
 161 0086 0D96      		adiw r24,13
 162 0088 0E94 0000 		call _ZN5TimerC1Ev
 163               	.LVL8:
  45:main.cpp      **** 	T.Timer_0_Compare_ISR_init(); // Timer ISR 1ms
 164               		.loc 1 45 2 is_stmt 1 view .LVU46
 165               		.loc 1 45 28 is_stmt 0 view .LVU47
 166 008c CE01      		movw r24,r28
 167 008e 0D96      		adiw r24,13
 168 0090 0E94 0000 		call _ZN5Timer24Timer_0_Compare_ISR_initEv
 169               	.LVL9:
 170               	.L2:
  46:main.cpp      **** 	
  47:main.cpp      **** 	
  48:main.cpp      **** 	for (;;)
 171               		.loc 1 48 2 is_stmt 1 view .LVU48
  49:main.cpp      **** 	{
  50:main.cpp      **** 		
  51:main.cpp      **** 		sprintf(buffer,"Gebe die Adresse des Empfänger Boards an 0x01 = Board[1] 0x2 = Board[2] !");	// 
 172               		.loc 1 51 3 view .LVU49
 173               		.loc 1 51 10 is_stmt 0 view .LVU50
 174 0094 60E0      		ldi r22,lo8(.LC2)
 175 0096 70E0      		ldi r23,hi8(.LC2)
 176 0098 80E0      		ldi r24,lo8(buffer)
 177 009a 90E0      		ldi r25,hi8(buffer)
 178 009c 0E94 0000 		call strcpy
 179               	.LVL10:
  52:main.cpp      **** 		UART.UsartPuts(buffer);		   // Ausgeben
 180               		.loc 1 52 3 is_stmt 1 view .LVU51
 181               		.loc 1 52 17 is_stmt 0 view .LVU52
 182 00a0 60E0      		ldi r22,lo8(buffer)
 183 00a2 70E0      		ldi r23,hi8(buffer)
 184 00a4 80E0      		ldi r24,lo8(UART)
 185 00a6 90E0      		ldi r25,hi8(UART)
 186 00a8 0E94 0000 		call _ZN5USART9UsartPutsEPc
 187               	.LVL11:
  53:main.cpp      **** 		UART.UsartPuts("\n\r");		   // Neue Zeile
 188               		.loc 1 53 3 is_stmt 1 view .LVU53
 189               		.loc 1 53 17 is_stmt 0 view .LVU54
 190 00ac 60E0      		ldi r22,lo8(.LC1)
 191 00ae 70E0      		ldi r23,hi8(.LC1)
 192 00b0 80E0      		ldi r24,lo8(UART)
 193 00b2 90E0      		ldi r25,hi8(UART)
 194 00b4 0E94 0000 		call _ZN5USART9UsartPutsEPc
 195               	.LVL12:
  54:main.cpp      **** 		sendmsg_LED.data[0] = (UART.UsartGetc()-0x30); // ASCII in Dez
 196               		.loc 1 54 3 is_stmt 1 view .LVU55
 197               		.loc 1 54 40 is_stmt 0 view .LVU56
 198 00b8 80E0      		ldi r24,lo8(UART)
 199 00ba 90E0      		ldi r25,hi8(UART)
 200 00bc 0E94 0000 		call _ZN5USART9UsartGetcEv
 201               	.LVL13:
 202               		.loc 1 54 42 view .LVU57
 203 00c0 8053      		subi r24,lo8(-(-48))
 204               		.loc 1 54 23 view .LVU58
 205 00c2 8D83      		std Y+5,r24
  55:main.cpp      **** 		// Prüfung auf Gültigkeit fehlt nur 1-4 oder so
  56:main.cpp      **** 		sprintf(buffer,"Gebe an welche LEDs angesteuert werden sollen 0 == LED1 an/aus !");	// Zeichenket
 206               		.loc 1 56 3 is_stmt 1 view .LVU59
 207               		.loc 1 56 10 is_stmt 0 view .LVU60
 208 00c4 60E0      		ldi r22,lo8(.LC3)
 209 00c6 70E0      		ldi r23,hi8(.LC3)
 210 00c8 80E0      		ldi r24,lo8(buffer)
 211 00ca 90E0      		ldi r25,hi8(buffer)
 212 00cc 0E94 0000 		call strcpy
 213               	.LVL14:
  57:main.cpp      **** 		UART.UsartPuts(buffer);		   // Ausgeben
 214               		.loc 1 57 3 is_stmt 1 view .LVU61
 215               		.loc 1 57 17 is_stmt 0 view .LVU62
 216 00d0 60E0      		ldi r22,lo8(buffer)
 217 00d2 70E0      		ldi r23,hi8(buffer)
 218 00d4 80E0      		ldi r24,lo8(UART)
 219 00d6 90E0      		ldi r25,hi8(UART)
 220 00d8 0E94 0000 		call _ZN5USART9UsartPutsEPc
 221               	.LVL15:
  58:main.cpp      **** 		UART.UsartPuts("\n\r");		   // Neue Zeile
 222               		.loc 1 58 3 is_stmt 1 view .LVU63
 223               		.loc 1 58 17 is_stmt 0 view .LVU64
 224 00dc 60E0      		ldi r22,lo8(.LC1)
 225 00de 70E0      		ldi r23,hi8(.LC1)
 226 00e0 80E0      		ldi r24,lo8(UART)
 227 00e2 90E0      		ldi r25,hi8(UART)
 228 00e4 0E94 0000 		call _ZN5USART9UsartPutsEPc
 229               	.LVL16:
  59:main.cpp      **** 		sendmsg_LED.data[1] = (UART.UsartGetc()-0x30);
 230               		.loc 1 59 3 is_stmt 1 view .LVU65
 231               		.loc 1 59 40 is_stmt 0 view .LVU66
 232 00e8 80E0      		ldi r24,lo8(UART)
 233 00ea 90E0      		ldi r25,hi8(UART)
 234 00ec 0E94 0000 		call _ZN5USART9UsartGetcEv
 235               	.LVL17:
 236               		.loc 1 59 42 view .LVU67
 237 00f0 8053      		subi r24,lo8(-(-48))
 238               		.loc 1 59 23 view .LVU68
 239 00f2 8E83      		std Y+6,r24
  60:main.cpp      **** 		// Prüfung auf Gültigkeit fehlt nur 0-7
  61:main.cpp      **** 		
  62:main.cpp      **** 	
  63:main.cpp      **** 		if(can_send_message(&sendmsg_LED))		// CAN-Nachricht versenden
 240               		.loc 1 63 3 is_stmt 1 view .LVU69
 241               		.loc 1 63 22 is_stmt 0 view .LVU70
 242 00f4 CE01      		movw r24,r28
 243 00f6 0196      		adiw r24,1
 244 00f8 0E94 0000 		call can_send_message
 245               	.LVL18:
  64:main.cpp      **** 		{
  65:main.cpp      **** 		
  66:main.cpp      **** 		#ifdef debug
  67:main.cpp      **** 		sprintf(buffer,"CAN-Botschaft Button gesendet !\n\r"); // String Printf:
  68:main.cpp      ****         UART.UsartPuts(buffer);
  69:main.cpp      **** 		TGL_BIT(PORTC,1);
  70:main.cpp      **** 		#endif	
  71:main.cpp      **** 		cnt=0;
 246               		.loc 1 71 3 is_stmt 1 view .LVU71
 247               		.loc 1 71 6 is_stmt 0 view .LVU72
 248 00fc 1092 0000 		sts cnt,__zero_reg__
  72:main.cpp      **** 
  73:main.cpp      **** 		}else{
  74:main.cpp      **** 		
  75:main.cpp      **** 		#ifdef debug
  76:main.cpp      **** 		sprintf(buffer," Fehler beim senden der CAN-Botschaft Button !\n\r"); // String Printf:
  77:main.cpp      ****         UART.UsartPuts(buffer);
  78:main.cpp      **** 		TGL_BIT(PORTC,6);
  79:main.cpp      **** 		#endif	
  80:main.cpp      **** 		cnt=0;
  81:main.cpp      **** 		}
  82:main.cpp      **** 		
  83:main.cpp      ****   
  84:main.cpp      **** 	
  85:main.cpp      **** 		_delay_ms(100);
 249               		.loc 1 85 3 is_stmt 1 view .LVU73
 250               	.LVL19:
 251               	.LBB12:
 252               	.LBI12:
 166:/opt/homebrew/Cellar/avr-gcc@9/9.3.0_3/avr/include/util/delay.h **** {
 253               		.loc 2 166 1 view .LVU74
 254               	.LBB13:
 168:/opt/homebrew/Cellar/avr-gcc@9/9.3.0_3/avr/include/util/delay.h **** #if __HAS_DELAY_CYCLES && defined(__OPTIMIZE__) && \
 255               		.loc 2 168 2 view .LVU75
 172:/opt/homebrew/Cellar/avr-gcc@9/9.3.0_3/avr/include/util/delay.h **** 	extern void __builtin_avr_delay_cycles(unsigned long);
 256               		.loc 2 172 2 view .LVU76
 173:/opt/homebrew/Cellar/avr-gcc@9/9.3.0_3/avr/include/util/delay.h **** 	__tmp = ((F_CPU) / 1e3) * __ms;
 257               		.loc 2 173 2 view .LVU77
 174:/opt/homebrew/Cellar/avr-gcc@9/9.3.0_3/avr/include/util/delay.h **** 
 258               		.loc 2 174 2 view .LVU78
 184:/opt/homebrew/Cellar/avr-gcc@9/9.3.0_3/avr/include/util/delay.h **** 	#endif
 259               		.loc 2 184 3 view .LVU79
 260               		.loc 2 187 2 view .LVU80
 261               		.loc 2 187 28 is_stmt 0 view .LVU81
 262 0100 9FEF      		ldi r25,lo8(319999)
 263 0102 21EE      		ldi r18,hi8(319999)
 264 0104 34E0      		ldi r19,hlo8(319999)
 265 0106 9150      	1:	subi r25,1
 266 0108 2040      		sbci r18,0
 267 010a 3040      		sbci r19,0
 268 010c 01F4      		brne 1b
 269 010e 00C0      		rjmp .
 270 0110 0000      		nop
 271 0112 00C0      		rjmp .L2
 272               	.LBE13:
 273               	.LBE12:
 274               		.cfi_endproc
 275               	.LFE12:
 277               		.text
 278               	.global	__vector_10
 280               	__vector_10:
 281               	.LFB13:
  86:main.cpp      **** 		
  87:main.cpp      **** 		
  88:main.cpp      **** 	}
  89:main.cpp      **** 	return 0;
  90:main.cpp      **** }
  91:main.cpp      **** 
  92:main.cpp      **** 
  93:main.cpp      **** // Compare " Vergleichsregister" Interrupt
  94:main.cpp      **** //------------------------------------------------------------------------------
  95:main.cpp      **** //  Interrupt Service Routinen
  96:main.cpp      **** //------------------------------------------------------------------------------
  97:main.cpp      **** // Interrupt-Service-Routine für den Interrupt bei Überlauf des Timer0
  98:main.cpp      **** // ISR: Schlüsselwort für Compiler, dass dies eine ISR ist
  99:main.cpp      **** // TIMER0_COMP_vect: Information an den Compiler, mit welchem Interrupt
 100:main.cpp      **** //                  diese ISR verknüpft werden soll. Der Bezeichner "TIMER0_COM_vect"
 101:main.cpp      **** //                  ist wie alle anderen ISR-Bezeichner in "avr/interrupt.h" definiert.
 102:main.cpp      **** ISR(TIMER0_COMP_vect)
 103:main.cpp      **** {
 282               		.loc 1 103 1 is_stmt 1 view -0
 283               		.cfi_startproc
 284 0000 1F92      		push r1
 285               	.LCFI2:
 286               		.cfi_def_cfa_offset 3
 287               		.cfi_offset 1, -2
 288 0002 0F92      		push r0
 289               	.LCFI3:
 290               		.cfi_def_cfa_offset 4
 291               		.cfi_offset 0, -3
 292 0004 0FB6      		in r0,__SREG__
 293 0006 0F92      		push r0
 294 0008 1124      		clr __zero_reg__
 295 000a 2F93      		push r18
 296               	.LCFI4:
 297               		.cfi_def_cfa_offset 5
 298               		.cfi_offset 18, -4
 299 000c 3F93      		push r19
 300               	.LCFI5:
 301               		.cfi_def_cfa_offset 6
 302               		.cfi_offset 19, -5
 303 000e 4F93      		push r20
 304               	.LCFI6:
 305               		.cfi_def_cfa_offset 7
 306               		.cfi_offset 20, -6
 307 0010 5F93      		push r21
 308               	.LCFI7:
 309               		.cfi_def_cfa_offset 8
 310               		.cfi_offset 21, -7
 311 0012 6F93      		push r22
 312               	.LCFI8:
 313               		.cfi_def_cfa_offset 9
 314               		.cfi_offset 22, -8
 315 0014 7F93      		push r23
 316               	.LCFI9:
 317               		.cfi_def_cfa_offset 10
 318               		.cfi_offset 23, -9
 319 0016 8F93      		push r24
 320               	.LCFI10:
 321               		.cfi_def_cfa_offset 11
 322               		.cfi_offset 24, -10
 323 0018 9F93      		push r25
 324               	.LCFI11:
 325               		.cfi_def_cfa_offset 12
 326               		.cfi_offset 25, -11
 327 001a AF93      		push r26
 328               	.LCFI12:
 329               		.cfi_def_cfa_offset 13
 330               		.cfi_offset 26, -12
 331 001c BF93      		push r27
 332               	.LCFI13:
 333               		.cfi_def_cfa_offset 14
 334               		.cfi_offset 27, -13
 335 001e EF93      		push r30
 336               	.LCFI14:
 337               		.cfi_def_cfa_offset 15
 338               		.cfi_offset 30, -14
 339 0020 FF93      		push r31
 340               	.LCFI15:
 341               		.cfi_def_cfa_offset 16
 342               		.cfi_offset 31, -15
 343               	/* prologue: Signal */
 344               	/* frame size = 0 */
 345               	/* stack size = 15 */
 346               	.L__stack_usage = 15
 104:main.cpp      **** 	cnt++;
 347               		.loc 1 104 2 view .LVU83
 348               		.loc 1 104 5 is_stmt 0 view .LVU84
 349 0022 8091 0000 		lds r24,cnt
 350 0026 8F5F      		subi r24,lo8(-(1))
 351 0028 8093 0000 		sts cnt,r24
 105:main.cpp      **** 	if(can_check_message()) // Prüfe, ob Nachricht empfangen wurde.
 352               		.loc 1 105 2 is_stmt 1 view .LVU85
 353               		.loc 1 105 22 is_stmt 0 view .LVU86
 354 002c 0E94 0000 		call can_check_message
 355               	.LVL20:
 356               		.loc 1 105 2 view .LVU87
 357 0030 8823      		tst r24
 358 0032 01F0      		breq .L5
 106:main.cpp      **** 	{
 107:main.cpp      **** 	
 108:main.cpp      **** 	can_get_message(&resvmsg);
 359               		.loc 1 108 2 is_stmt 1 view .LVU88
 360               		.loc 1 108 17 is_stmt 0 view .LVU89
 361 0034 80E0      		ldi r24,lo8(resvmsg)
 362 0036 90E0      		ldi r25,hi8(resvmsg)
 363 0038 0E94 0000 		call can_get_message
 364               	.LVL21:
 109:main.cpp      **** 	#ifdef debug
 110:main.cpp      **** 	TGL_BIT(PORTC,0);
 111:main.cpp      **** 	sprintf(buffer,"CAN_M22essage mit der ID 0x%x DLC 0x%x Data[0] 0x%x Data[1] 0x%x  empfangen \n\r "
 112:main.cpp      **** 	UART.UsartPuts(buffer);	
 113:main.cpp      **** 	#endif
 114:main.cpp      **** 	if(resvmsg.data[0]== adress) // Ist die Botschaft für dieses Board ?
 365               		.loc 1 114 2 is_stmt 1 view .LVU90
 366 003c 8091 0000 		lds r24,resvmsg+4
 367 0040 8230      		cpi r24,lo8(2)
 368 0042 01F4      		brne .L5
 115:main.cpp      **** 	{
 116:main.cpp      **** 		TGL_BIT(PORTC,resvmsg.data[1]);  // Byte 1 auf die LEDs ausgeben ( umgekehrte Logik)
 369               		.loc 1 116 3 view .LVU91
 370 0044 85B3      		in r24,0x15
 371 0046 9091 0000 		lds r25,resvmsg+5
 372 004a 21E0      		ldi r18,lo8(1)
 373 004c 30E0      		ldi r19,0
 374 004e 00C0      		rjmp 2f
 375               		1:
 376 0050 220F      		lsl r18
 377               		2:
 378 0052 9A95      		dec r25
 379 0054 02F4      		brpl 1b
 380 0056 8227      		eor r24,r18
 381 0058 85BB      		out 0x15,r24
 382               	.L5:
 117:main.cpp      **** 	}
 118:main.cpp      **** 	
 119:main.cpp      **** 	}
 120:main.cpp      **** 	
 121:main.cpp      **** 	
 122:main.cpp      **** 	if((cnt==250)) // 25 x 1ms = 250ms  (Alle 250ms wird die Button Botschaft gesendet
 383               		.loc 1 122 2 view .LVU92
 384 005a 8091 0000 		lds r24,cnt
 385 005e 8A3F      		cpi r24,lo8(-6)
 386 0060 01F4      		brne .L3
 123:main.cpp      **** 	{
 124:main.cpp      **** 	
 125:main.cpp      **** 	sendmsg_Button.id = 0x75;          // ID setzen, hier: dec
 387               		.loc 1 125 2 view .LVU93
 388               		.loc 1 125 20 is_stmt 0 view .LVU94
 389 0062 85E7      		ldi r24,lo8(117)
 390 0064 90E0      		ldi r25,0
 391 0066 9093 0000 		sts sendmsg_Button+1,r25
 392 006a 8093 0000 		sts sendmsg_Button,r24
 126:main.cpp      ****     sendmsg_Button.length = 2;         // Länge der Nachricht: 2 Byte
 393               		.loc 1 126 5 is_stmt 1 view .LVU95
 394               		.loc 1 126 27 is_stmt 0 view .LVU96
 395 006e 82E0      		ldi r24,lo8(2)
 396 0070 8093 0000 		sts sendmsg_Button+3,r24
 127:main.cpp      **** 	sendmsg_Button.data[0]= adress;     // Datenbyte 0 füllen
 397               		.loc 1 127 2 is_stmt 1 view .LVU97
 398               		.loc 1 127 24 is_stmt 0 view .LVU98
 399 0074 8093 0000 		sts sendmsg_Button+4,r24
 128:main.cpp      **** 	sendmsg_Button.data[1]=B.Button_read(); // Button Status in das Datenbyte 1 schreiben
 400               		.loc 1 128 2 is_stmt 1 view .LVU99
 401               		.loc 1 128 38 is_stmt 0 view .LVU100
 402 0078 80E0      		ldi r24,lo8(B)
 403 007a 90E0      		ldi r25,hi8(B)
 404 007c 0E94 0000 		call _ZN6Button11Button_readEv
 405               	.LVL22:
 406               		.loc 1 128 24 view .LVU101
 407 0080 8093 0000 		sts sendmsg_Button+5,r24
 129:main.cpp      **** 	
 130:main.cpp      **** 		
 131:main.cpp      **** 	if(can_send_message(&sendmsg_Button))		// CAN-Nachricht versenden
 408               		.loc 1 131 2 is_stmt 1 view .LVU102
 409               		.loc 1 131 21 is_stmt 0 view .LVU103
 410 0084 80E0      		ldi r24,lo8(sendmsg_Button)
 411 0086 90E0      		ldi r25,hi8(sendmsg_Button)
 412 0088 0E94 0000 		call can_send_message
 413               	.LVL23:
 132:main.cpp      **** 	{
 133:main.cpp      **** 		
 134:main.cpp      **** 		#ifdef debug
 135:main.cpp      **** 		sprintf(buffer,"CAN-Botschaft Button gesendet !\n\r"); // String Printf:
 136:main.cpp      ****         UART.UsartPuts(buffer);
 137:main.cpp      **** 		TGL_BIT(PORTC,2);
 138:main.cpp      **** 		#endif	
 139:main.cpp      **** 		cnt=0;
 414               		.loc 1 139 3 is_stmt 1 view .LVU104
 415               		.loc 1 139 6 is_stmt 0 view .LVU105
 416 008c 1092 0000 		sts cnt,__zero_reg__
 417               	.L3:
 418               	/* epilogue start */
 140:main.cpp      **** 
 141:main.cpp      **** 	}else{
 142:main.cpp      **** 		
 143:main.cpp      **** 		#ifdef debug
 144:main.cpp      **** 		sprintf(buffer," Fehler beim senden der CAN-Botschaft Button !\n\r"); // String Printf:
 145:main.cpp      ****         UART.UsartPuts(buffer);
 146:main.cpp      **** 		TGL_BIT(PORTC,7);
 147:main.cpp      **** 		#endif	
 148:main.cpp      **** 		cnt=0;
 149:main.cpp      **** 	}
 150:main.cpp      **** 		}
 151:main.cpp      **** 	
 152:main.cpp      ****  
 153:main.cpp      ****  }
 419               		.loc 1 153 2 view .LVU106
 420 0090 FF91      		pop r31
 421 0092 EF91      		pop r30
 422 0094 BF91      		pop r27
 423 0096 AF91      		pop r26
 424 0098 9F91      		pop r25
 425 009a 8F91      		pop r24
 426 009c 7F91      		pop r23
 427 009e 6F91      		pop r22
 428 00a0 5F91      		pop r21
 429 00a2 4F91      		pop r20
 430 00a4 3F91      		pop r19
 431 00a6 2F91      		pop r18
 432 00a8 0F90      		pop r0
 433 00aa 0FBE      		out __SREG__,r0
 434 00ac 0F90      		pop r0
 435 00ae 1F90      		pop r1
 436 00b0 1895      		reti
 437               		.cfi_endproc
 438               	.LFE13:
 440               		.section	.text.startup
 442               	_GLOBAL__sub_I_B:
 443               	.LFB15:
 444               		.loc 1 153 2 is_stmt 1 view -0
 445               		.cfi_startproc
 446 0114 EF92      		push r14
 447               	.LCFI16:
 448               		.cfi_def_cfa_offset 3
 449               		.cfi_offset 14, -2
 450 0116 FF92      		push r15
 451               	.LCFI17:
 452               		.cfi_def_cfa_offset 4
 453               		.cfi_offset 15, -3
 454 0118 0F93      		push r16
 455               	.LCFI18:
 456               		.cfi_def_cfa_offset 5
 457               		.cfi_offset 16, -4
 458 011a 1F93      		push r17
 459               	.LCFI19:
 460               		.cfi_def_cfa_offset 6
 461               		.cfi_offset 17, -5
 462               	/* prologue: function */
 463               	/* frame size = 0 */
 464               	/* stack size = 4 */
 465               	.L__stack_usage = 4
 466               	.LBB16:
 467               	.LBI16:
 468               		.loc 1 153 2 view .LVU108
 469               	.LVL24:
 470               	.LBB17:
  12:main.cpp      **** uint8_t cnt=0;
 471               		.loc 1 12 8 is_stmt 0 view .LVU109
 472 011c 80E0      		ldi r24,lo8(B)
 473 011e 90E0      		ldi r25,hi8(B)
 474 0120 0E94 0000 		call _ZN6ButtonC1Ev
 475               	.LVL25:
  17:main.cpp      **** char buffer[150];		// Buffer zur Zwschischenspeicherung von Zeichenketten
 476               		.loc 1 17 22 view .LVU110
 477 0124 10E8      		ldi r17,lo8(-128)
 478 0126 E12E      		mov r14,r17
 479 0128 15E2      		ldi r17,lo8(37)
 480 012a F12E      		mov r15,r17
 481 012c 00E0      		ldi r16,0
 482 012e 10E0      		ldi r17,0
 483 0130 21E0      		ldi r18,lo8(1)
 484 0132 40E0      		ldi r20,0
 485 0134 68E0      		ldi r22,lo8(8)
 486 0136 80E0      		ldi r24,lo8(UART)
 487 0138 90E0      		ldi r25,hi8(UART)
 488 013a 0E94 0000 		call _ZN5USARTC1Ehhhm
 489               	.LVL26:
 490               	/* epilogue start */
  17:main.cpp      **** char buffer[150];		// Buffer zur Zwschischenspeicherung von Zeichenketten
 491               		.loc 1 17 22 view .LVU111
 492               	.LBE17:
 493               	.LBE16:
 494               		.loc 1 153 2 view .LVU112
 495 013e 1F91      		pop r17
 496 0140 0F91      		pop r16
 497 0142 FF90      		pop r15
 498 0144 EF90      		pop r14
 499 0146 0895      		ret
 500               		.cfi_endproc
 501               	.LFE15:
 503               		.global __do_global_ctors
 504               		.section .ctors,"a",@progbits
 505               		.p2align	1
 506 0000 0000      		.word	gs(_GLOBAL__sub_I_B)
 507               	.global	buffer
 508               		.section .bss
 511               	buffer:
 512 0000 0000 0000 		.zero	150
 512      0000 0000 
 512      0000 0000 
 512      0000 0000 
 512      0000 0000 
 513               	.global	UART
 516               	UART:
 517 0096 0000 0000 		.zero	7
 517      0000 00
 518               	.global	resvmsg
 521               	resvmsg:
 522 009d 0000 0000 		.zero	12
 522      0000 0000 
 522      0000 0000 
 523               	.global	sendmsg_Button
 526               	sendmsg_Button:
 527 00a9 0000 0000 		.zero	12
 527      0000 0000 
 527      0000 0000 
 528               	.global	cnt
 531               	cnt:
 532 00b5 00        		.zero	1
 533               	.global	B
 536               	B:
 537 00b6 00        		.zero	1
 538               		.text
 539               	.Letext0:
 540               		.file 3 "/opt/homebrew/Cellar/avr-gcc@9/9.3.0_3/avr/include/stdint.h"
 541               		.file 4 "/opt/homebrew/Cellar/avr-gcc@9/9.3.0_3/lib/avr-gcc/9/gcc/avr/9.3.0/include/stddef.h"
 542               		.file 5 "/opt/homebrew/Cellar/avr-gcc@9/9.3.0_3/avr/include/stdio.h"
 543               		.file 6 "/opt/homebrew/Cellar/avr-gcc@9/9.3.0_3/avr/include/stdlib.h"
 544               		.file 7 "ATMega32_utility_bib.h"
 545               		.file 8 "avr-can-lib/can.h"
DEFINED SYMBOLS
                            *ABS*:0000000000000000 main.cpp
/var/folders/t1/hcvhy4kn4wqf61nvgxt8qfpc0000gn/T//ccy1isTw.s:2      *ABS*:000000000000003e __SP_H__
/var/folders/t1/hcvhy4kn4wqf61nvgxt8qfpc0000gn/T//ccy1isTw.s:3      *ABS*:000000000000003d __SP_L__
/var/folders/t1/hcvhy4kn4wqf61nvgxt8qfpc0000gn/T//ccy1isTw.s:4      *ABS*:000000000000003f __SREG__
/var/folders/t1/hcvhy4kn4wqf61nvgxt8qfpc0000gn/T//ccy1isTw.s:5      *ABS*:0000000000000000 __tmp_reg__
/var/folders/t1/hcvhy4kn4wqf61nvgxt8qfpc0000gn/T//ccy1isTw.s:6      *ABS*:0000000000000001 __zero_reg__
/var/folders/t1/hcvhy4kn4wqf61nvgxt8qfpc0000gn/T//ccy1isTw.s:22     .text.startup:0000000000000000 main
/var/folders/t1/hcvhy4kn4wqf61nvgxt8qfpc0000gn/T//ccy1isTw.s:25     .text.startup:0000000000000000 .Loc.0
/var/folders/t1/hcvhy4kn4wqf61nvgxt8qfpc0000gn/T//ccy1isTw.s:26     .text.startup:0000000000000000 L0
/var/folders/t1/hcvhy4kn4wqf61nvgxt8qfpc0000gn/T//ccy1isTw.s:43     .text.startup:0000000000000010 .Loc.1
/var/folders/t1/hcvhy4kn4wqf61nvgxt8qfpc0000gn/T//ccy1isTw.s:44     .text.startup:0000000000000010 .Loc.2
/var/folders/t1/hcvhy4kn4wqf61nvgxt8qfpc0000gn/T//ccy1isTw.s:47     .text.startup:0000000000000014 .Loc.3
/var/folders/t1/hcvhy4kn4wqf61nvgxt8qfpc0000gn/T//ccy1isTw.s:48     .text.startup:0000000000000014 .Loc.4
/var/folders/t1/hcvhy4kn4wqf61nvgxt8qfpc0000gn/T//ccy1isTw.s:50     .text.startup:0000000000000016 .Loc.5
/var/folders/t1/hcvhy4kn4wqf61nvgxt8qfpc0000gn/T//ccy1isTw.s:55     .text.startup:0000000000000016 .Loc.6
/var/folders/t1/hcvhy4kn4wqf61nvgxt8qfpc0000gn/T//ccy1isTw.s:57     .text.startup:0000000000000016 .Loc.7
/var/folders/t1/hcvhy4kn4wqf61nvgxt8qfpc0000gn/T//ccy1isTw.s:58     .text.startup:0000000000000016 .Loc.8
/var/folders/t1/hcvhy4kn4wqf61nvgxt8qfpc0000gn/T//ccy1isTw.s:59     .text.startup:0000000000000016 .Loc.9
/var/folders/t1/hcvhy4kn4wqf61nvgxt8qfpc0000gn/T//ccy1isTw.s:60     .text.startup:0000000000000016 .Loc.10
/var/folders/t1/hcvhy4kn4wqf61nvgxt8qfpc0000gn/T//ccy1isTw.s:61     .text.startup:0000000000000016 .Loc.11
/var/folders/t1/hcvhy4kn4wqf61nvgxt8qfpc0000gn/T//ccy1isTw.s:62     .text.startup:0000000000000016 .Loc.12
/var/folders/t1/hcvhy4kn4wqf61nvgxt8qfpc0000gn/T//ccy1isTw.s:63     .text.startup:0000000000000016 .Loc.13
/var/folders/t1/hcvhy4kn4wqf61nvgxt8qfpc0000gn/T//ccy1isTw.s:71     .text.startup:0000000000000026 L0
/var/folders/t1/hcvhy4kn4wqf61nvgxt8qfpc0000gn/T//ccy1isTw.s:74     .text.startup:0000000000000028 .Loc.14
/var/folders/t1/hcvhy4kn4wqf61nvgxt8qfpc0000gn/T//ccy1isTw.s:77     .text.startup:0000000000000028 .Loc.15
/var/folders/t1/hcvhy4kn4wqf61nvgxt8qfpc0000gn/T//ccy1isTw.s:78     .text.startup:0000000000000028 .Loc.16
/var/folders/t1/hcvhy4kn4wqf61nvgxt8qfpc0000gn/T//ccy1isTw.s:80     .text.startup:000000000000002a .Loc.17
/var/folders/t1/hcvhy4kn4wqf61nvgxt8qfpc0000gn/T//ccy1isTw.s:81     .text.startup:000000000000002a .Loc.18
/var/folders/t1/hcvhy4kn4wqf61nvgxt8qfpc0000gn/T//ccy1isTw.s:85     .text.startup:0000000000000030 .Loc.19
/var/folders/t1/hcvhy4kn4wqf61nvgxt8qfpc0000gn/T//ccy1isTw.s:86     .text.startup:0000000000000030 .Loc.20
/var/folders/t1/hcvhy4kn4wqf61nvgxt8qfpc0000gn/T//ccy1isTw.s:87     .text.startup:0000000000000030 .Loc.21
/var/folders/t1/hcvhy4kn4wqf61nvgxt8qfpc0000gn/T//ccy1isTw.s:92     .text.startup:0000000000000038 .Loc.22
/var/folders/t1/hcvhy4kn4wqf61nvgxt8qfpc0000gn/T//ccy1isTw.s:93     .text.startup:0000000000000038 .Loc.23
/var/folders/t1/hcvhy4kn4wqf61nvgxt8qfpc0000gn/T//ccy1isTw.s:97     .text.startup:000000000000003e .Loc.24
/var/folders/t1/hcvhy4kn4wqf61nvgxt8qfpc0000gn/T//ccy1isTw.s:98     .text.startup:000000000000003e .Loc.25
/var/folders/t1/hcvhy4kn4wqf61nvgxt8qfpc0000gn/T//ccy1isTw.s:101    .text.startup:0000000000000042 .Loc.26
/var/folders/t1/hcvhy4kn4wqf61nvgxt8qfpc0000gn/T//ccy1isTw.s:102    .text.startup:0000000000000042 .Loc.27
/var/folders/t1/hcvhy4kn4wqf61nvgxt8qfpc0000gn/T//ccy1isTw.s:511    .bss:0000000000000000 buffer
/var/folders/t1/hcvhy4kn4wqf61nvgxt8qfpc0000gn/T//ccy1isTw.s:109    .text.startup:000000000000004e .Loc.28
/var/folders/t1/hcvhy4kn4wqf61nvgxt8qfpc0000gn/T//ccy1isTw.s:110    .text.startup:000000000000004e .Loc.29
/var/folders/t1/hcvhy4kn4wqf61nvgxt8qfpc0000gn/T//ccy1isTw.s:516    .bss:0000000000000096 UART
/var/folders/t1/hcvhy4kn4wqf61nvgxt8qfpc0000gn/T//ccy1isTw.s:117    .text.startup:000000000000005a .Loc.30
/var/folders/t1/hcvhy4kn4wqf61nvgxt8qfpc0000gn/T//ccy1isTw.s:118    .text.startup:000000000000005a .Loc.31
/var/folders/t1/hcvhy4kn4wqf61nvgxt8qfpc0000gn/T//ccy1isTw.s:125    .text.startup:0000000000000066 .Loc.32
/var/folders/t1/hcvhy4kn4wqf61nvgxt8qfpc0000gn/T//ccy1isTw.s:126    .text.startup:0000000000000066 .Loc.33
/var/folders/t1/hcvhy4kn4wqf61nvgxt8qfpc0000gn/T//ccy1isTw.s:133    .text.startup:0000000000000072 .Loc.34
/var/folders/t1/hcvhy4kn4wqf61nvgxt8qfpc0000gn/T//ccy1isTw.s:136    .text.startup:0000000000000072 .Loc.35
/var/folders/t1/hcvhy4kn4wqf61nvgxt8qfpc0000gn/T//ccy1isTw.s:138    .text.startup:0000000000000072 .Loc.36
/var/folders/t1/hcvhy4kn4wqf61nvgxt8qfpc0000gn/T//ccy1isTw.s:139    .text.startup:0000000000000072 .Loc.37
/var/folders/t1/hcvhy4kn4wqf61nvgxt8qfpc0000gn/T//ccy1isTw.s:140    .text.startup:0000000000000072 .Loc.38
/var/folders/t1/hcvhy4kn4wqf61nvgxt8qfpc0000gn/T//ccy1isTw.s:141    .text.startup:0000000000000072 .Loc.39
/var/folders/t1/hcvhy4kn4wqf61nvgxt8qfpc0000gn/T//ccy1isTw.s:142    .text.startup:0000000000000072 .Loc.40
/var/folders/t1/hcvhy4kn4wqf61nvgxt8qfpc0000gn/T//ccy1isTw.s:143    .text.startup:0000000000000072 .Loc.41
/var/folders/t1/hcvhy4kn4wqf61nvgxt8qfpc0000gn/T//ccy1isTw.s:144    .text.startup:0000000000000072 .Loc.42
/var/folders/t1/hcvhy4kn4wqf61nvgxt8qfpc0000gn/T//ccy1isTw.s:152    .text.startup:0000000000000082 L0
/var/folders/t1/hcvhy4kn4wqf61nvgxt8qfpc0000gn/T//ccy1isTw.s:155    .text.startup:0000000000000084 .Loc.43
/var/folders/t1/hcvhy4kn4wqf61nvgxt8qfpc0000gn/T//ccy1isTw.s:158    .text.startup:0000000000000084 .Loc.44
/var/folders/t1/hcvhy4kn4wqf61nvgxt8qfpc0000gn/T//ccy1isTw.s:159    .text.startup:0000000000000084 .Loc.45
/var/folders/t1/hcvhy4kn4wqf61nvgxt8qfpc0000gn/T//ccy1isTw.s:164    .text.startup:000000000000008c .Loc.46
/var/folders/t1/hcvhy4kn4wqf61nvgxt8qfpc0000gn/T//ccy1isTw.s:165    .text.startup:000000000000008c .Loc.47
/var/folders/t1/hcvhy4kn4wqf61nvgxt8qfpc0000gn/T//ccy1isTw.s:171    .text.startup:0000000000000094 .Loc.48
/var/folders/t1/hcvhy4kn4wqf61nvgxt8qfpc0000gn/T//ccy1isTw.s:172    .text.startup:0000000000000094 .Loc.49
/var/folders/t1/hcvhy4kn4wqf61nvgxt8qfpc0000gn/T//ccy1isTw.s:173    .text.startup:0000000000000094 .Loc.50
/var/folders/t1/hcvhy4kn4wqf61nvgxt8qfpc0000gn/T//ccy1isTw.s:180    .text.startup:00000000000000a0 .Loc.51
/var/folders/t1/hcvhy4kn4wqf61nvgxt8qfpc0000gn/T//ccy1isTw.s:181    .text.startup:00000000000000a0 .Loc.52
/var/folders/t1/hcvhy4kn4wqf61nvgxt8qfpc0000gn/T//ccy1isTw.s:188    .text.startup:00000000000000ac .Loc.53
/var/folders/t1/hcvhy4kn4wqf61nvgxt8qfpc0000gn/T//ccy1isTw.s:189    .text.startup:00000000000000ac .Loc.54
/var/folders/t1/hcvhy4kn4wqf61nvgxt8qfpc0000gn/T//ccy1isTw.s:196    .text.startup:00000000000000b8 .Loc.55
/var/folders/t1/hcvhy4kn4wqf61nvgxt8qfpc0000gn/T//ccy1isTw.s:197    .text.startup:00000000000000b8 .Loc.56
/var/folders/t1/hcvhy4kn4wqf61nvgxt8qfpc0000gn/T//ccy1isTw.s:202    .text.startup:00000000000000c0 .Loc.57
/var/folders/t1/hcvhy4kn4wqf61nvgxt8qfpc0000gn/T//ccy1isTw.s:204    .text.startup:00000000000000c2 .Loc.58
/var/folders/t1/hcvhy4kn4wqf61nvgxt8qfpc0000gn/T//ccy1isTw.s:206    .text.startup:00000000000000c4 .Loc.59
/var/folders/t1/hcvhy4kn4wqf61nvgxt8qfpc0000gn/T//ccy1isTw.s:207    .text.startup:00000000000000c4 .Loc.60
/var/folders/t1/hcvhy4kn4wqf61nvgxt8qfpc0000gn/T//ccy1isTw.s:214    .text.startup:00000000000000d0 .Loc.61
/var/folders/t1/hcvhy4kn4wqf61nvgxt8qfpc0000gn/T//ccy1isTw.s:215    .text.startup:00000000000000d0 .Loc.62
/var/folders/t1/hcvhy4kn4wqf61nvgxt8qfpc0000gn/T//ccy1isTw.s:222    .text.startup:00000000000000dc .Loc.63
/var/folders/t1/hcvhy4kn4wqf61nvgxt8qfpc0000gn/T//ccy1isTw.s:223    .text.startup:00000000000000dc .Loc.64
/var/folders/t1/hcvhy4kn4wqf61nvgxt8qfpc0000gn/T//ccy1isTw.s:230    .text.startup:00000000000000e8 .Loc.65
/var/folders/t1/hcvhy4kn4wqf61nvgxt8qfpc0000gn/T//ccy1isTw.s:231    .text.startup:00000000000000e8 .Loc.66
/var/folders/t1/hcvhy4kn4wqf61nvgxt8qfpc0000gn/T//ccy1isTw.s:236    .text.startup:00000000000000f0 .Loc.67
/var/folders/t1/hcvhy4kn4wqf61nvgxt8qfpc0000gn/T//ccy1isTw.s:238    .text.startup:00000000000000f2 .Loc.68
/var/folders/t1/hcvhy4kn4wqf61nvgxt8qfpc0000gn/T//ccy1isTw.s:240    .text.startup:00000000000000f4 .Loc.69
/var/folders/t1/hcvhy4kn4wqf61nvgxt8qfpc0000gn/T//ccy1isTw.s:241    .text.startup:00000000000000f4 .Loc.70
/var/folders/t1/hcvhy4kn4wqf61nvgxt8qfpc0000gn/T//ccy1isTw.s:246    .text.startup:00000000000000fc .Loc.71
/var/folders/t1/hcvhy4kn4wqf61nvgxt8qfpc0000gn/T//ccy1isTw.s:247    .text.startup:00000000000000fc .Loc.72
/var/folders/t1/hcvhy4kn4wqf61nvgxt8qfpc0000gn/T//ccy1isTw.s:531    .bss:00000000000000b5 cnt
/var/folders/t1/hcvhy4kn4wqf61nvgxt8qfpc0000gn/T//ccy1isTw.s:249    .text.startup:0000000000000100 .Loc.73
/var/folders/t1/hcvhy4kn4wqf61nvgxt8qfpc0000gn/T//ccy1isTw.s:253    .text.startup:0000000000000100 .Loc.74
/var/folders/t1/hcvhy4kn4wqf61nvgxt8qfpc0000gn/T//ccy1isTw.s:255    .text.startup:0000000000000100 .Loc.75
/var/folders/t1/hcvhy4kn4wqf61nvgxt8qfpc0000gn/T//ccy1isTw.s:256    .text.startup:0000000000000100 .Loc.76
/var/folders/t1/hcvhy4kn4wqf61nvgxt8qfpc0000gn/T//ccy1isTw.s:257    .text.startup:0000000000000100 .Loc.77
/var/folders/t1/hcvhy4kn4wqf61nvgxt8qfpc0000gn/T//ccy1isTw.s:258    .text.startup:0000000000000100 .Loc.78
/var/folders/t1/hcvhy4kn4wqf61nvgxt8qfpc0000gn/T//ccy1isTw.s:259    .text.startup:0000000000000100 .Loc.79
/var/folders/t1/hcvhy4kn4wqf61nvgxt8qfpc0000gn/T//ccy1isTw.s:260    .text.startup:0000000000000100 .Loc.80
/var/folders/t1/hcvhy4kn4wqf61nvgxt8qfpc0000gn/T//ccy1isTw.s:261    .text.startup:0000000000000100 .Loc.81
/var/folders/t1/hcvhy4kn4wqf61nvgxt8qfpc0000gn/T//ccy1isTw.s:269    .text.startup:0000000000000110 L0
/var/folders/t1/hcvhy4kn4wqf61nvgxt8qfpc0000gn/T//ccy1isTw.s:274    .text.startup:0000000000000114 L0
/var/folders/t1/hcvhy4kn4wqf61nvgxt8qfpc0000gn/T//ccy1isTw.s:280    .text:0000000000000000 __vector_10
/var/folders/t1/hcvhy4kn4wqf61nvgxt8qfpc0000gn/T//ccy1isTw.s:282    .text:0000000000000000 .Loc.82
/var/folders/t1/hcvhy4kn4wqf61nvgxt8qfpc0000gn/T//ccy1isTw.s:283    .text:0000000000000000 L0
/var/folders/t1/hcvhy4kn4wqf61nvgxt8qfpc0000gn/T//ccy1isTw.s:347    .text:0000000000000022 .Loc.83
/var/folders/t1/hcvhy4kn4wqf61nvgxt8qfpc0000gn/T//ccy1isTw.s:348    .text:0000000000000022 .Loc.84
/var/folders/t1/hcvhy4kn4wqf61nvgxt8qfpc0000gn/T//ccy1isTw.s:352    .text:000000000000002c .Loc.85
/var/folders/t1/hcvhy4kn4wqf61nvgxt8qfpc0000gn/T//ccy1isTw.s:353    .text:000000000000002c .Loc.86
/var/folders/t1/hcvhy4kn4wqf61nvgxt8qfpc0000gn/T//ccy1isTw.s:356    .text:0000000000000030 .Loc.87
/var/folders/t1/hcvhy4kn4wqf61nvgxt8qfpc0000gn/T//ccy1isTw.s:359    .text:0000000000000034 .Loc.88
/var/folders/t1/hcvhy4kn4wqf61nvgxt8qfpc0000gn/T//ccy1isTw.s:360    .text:0000000000000034 .Loc.89
/var/folders/t1/hcvhy4kn4wqf61nvgxt8qfpc0000gn/T//ccy1isTw.s:521    .bss:000000000000009d resvmsg
/var/folders/t1/hcvhy4kn4wqf61nvgxt8qfpc0000gn/T//ccy1isTw.s:365    .text:000000000000003c .Loc.90
/var/folders/t1/hcvhy4kn4wqf61nvgxt8qfpc0000gn/T//ccy1isTw.s:369    .text:0000000000000044 .Loc.91
/var/folders/t1/hcvhy4kn4wqf61nvgxt8qfpc0000gn/T//ccy1isTw.s:383    .text:000000000000005a .Loc.92
/var/folders/t1/hcvhy4kn4wqf61nvgxt8qfpc0000gn/T//ccy1isTw.s:387    .text:0000000000000062 .Loc.93
/var/folders/t1/hcvhy4kn4wqf61nvgxt8qfpc0000gn/T//ccy1isTw.s:388    .text:0000000000000062 .Loc.94
/var/folders/t1/hcvhy4kn4wqf61nvgxt8qfpc0000gn/T//ccy1isTw.s:526    .bss:00000000000000a9 sendmsg_Button
/var/folders/t1/hcvhy4kn4wqf61nvgxt8qfpc0000gn/T//ccy1isTw.s:393    .text:000000000000006e .Loc.95
/var/folders/t1/hcvhy4kn4wqf61nvgxt8qfpc0000gn/T//ccy1isTw.s:394    .text:000000000000006e .Loc.96
/var/folders/t1/hcvhy4kn4wqf61nvgxt8qfpc0000gn/T//ccy1isTw.s:397    .text:0000000000000074 .Loc.97
/var/folders/t1/hcvhy4kn4wqf61nvgxt8qfpc0000gn/T//ccy1isTw.s:398    .text:0000000000000074 .Loc.98
/var/folders/t1/hcvhy4kn4wqf61nvgxt8qfpc0000gn/T//ccy1isTw.s:400    .text:0000000000000078 .Loc.99
/var/folders/t1/hcvhy4kn4wqf61nvgxt8qfpc0000gn/T//ccy1isTw.s:401    .text:0000000000000078 .Loc.100
/var/folders/t1/hcvhy4kn4wqf61nvgxt8qfpc0000gn/T//ccy1isTw.s:536    .bss:00000000000000b6 B
/var/folders/t1/hcvhy4kn4wqf61nvgxt8qfpc0000gn/T//ccy1isTw.s:406    .text:0000000000000080 .Loc.101
/var/folders/t1/hcvhy4kn4wqf61nvgxt8qfpc0000gn/T//ccy1isTw.s:408    .text:0000000000000084 .Loc.102
/var/folders/t1/hcvhy4kn4wqf61nvgxt8qfpc0000gn/T//ccy1isTw.s:409    .text:0000000000000084 .Loc.103
/var/folders/t1/hcvhy4kn4wqf61nvgxt8qfpc0000gn/T//ccy1isTw.s:414    .text:000000000000008c .Loc.104
/var/folders/t1/hcvhy4kn4wqf61nvgxt8qfpc0000gn/T//ccy1isTw.s:415    .text:000000000000008c .Loc.105
/var/folders/t1/hcvhy4kn4wqf61nvgxt8qfpc0000gn/T//ccy1isTw.s:419    .text:0000000000000090 .Loc.106
/var/folders/t1/hcvhy4kn4wqf61nvgxt8qfpc0000gn/T//ccy1isTw.s:437    .text:00000000000000b2 L0
/var/folders/t1/hcvhy4kn4wqf61nvgxt8qfpc0000gn/T//ccy1isTw.s:442    .text.startup:0000000000000114 _GLOBAL__sub_I_B
/var/folders/t1/hcvhy4kn4wqf61nvgxt8qfpc0000gn/T//ccy1isTw.s:444    .text.startup:0000000000000114 .Loc.107
/var/folders/t1/hcvhy4kn4wqf61nvgxt8qfpc0000gn/T//ccy1isTw.s:445    .text.startup:0000000000000114 L0
/var/folders/t1/hcvhy4kn4wqf61nvgxt8qfpc0000gn/T//ccy1isTw.s:468    .text.startup:000000000000011c .Loc.108
/var/folders/t1/hcvhy4kn4wqf61nvgxt8qfpc0000gn/T//ccy1isTw.s:471    .text.startup:000000000000011c .Loc.109
/var/folders/t1/hcvhy4kn4wqf61nvgxt8qfpc0000gn/T//ccy1isTw.s:476    .text.startup:0000000000000124 .Loc.110
/var/folders/t1/hcvhy4kn4wqf61nvgxt8qfpc0000gn/T//ccy1isTw.s:491    .text.startup:000000000000013e .Loc.111
/var/folders/t1/hcvhy4kn4wqf61nvgxt8qfpc0000gn/T//ccy1isTw.s:494    .text.startup:000000000000013e .Loc.112
/var/folders/t1/hcvhy4kn4wqf61nvgxt8qfpc0000gn/T//ccy1isTw.s:500    .text.startup:0000000000000148 L0
/var/folders/t1/hcvhy4kn4wqf61nvgxt8qfpc0000gn/T//ccy1isTw.s:504    .text.startup:0000000000000148 L0
/var/folders/t1/hcvhy4kn4wqf61nvgxt8qfpc0000gn/T//ccy1isTw.s:546    .text:00000000000000b2 L0
                     .debug_frame:0000000000000000 L0
/var/folders/t1/hcvhy4kn4wqf61nvgxt8qfpc0000gn/T//ccy1isTw.s:382    .text:000000000000005a .L5
/var/folders/t1/hcvhy4kn4wqf61nvgxt8qfpc0000gn/T//ccy1isTw.s:377    .text:0000000000000052 .L21
/var/folders/t1/hcvhy4kn4wqf61nvgxt8qfpc0000gn/T//ccy1isTw.s:375    .text:0000000000000050 .L14
/var/folders/t1/hcvhy4kn4wqf61nvgxt8qfpc0000gn/T//ccy1isTw.s:417    .text:0000000000000090 .L3
/var/folders/t1/hcvhy4kn4wqf61nvgxt8qfpc0000gn/T//ccy1isTw.s:67     .text.startup:000000000000001c .L11
/var/folders/t1/hcvhy4kn4wqf61nvgxt8qfpc0000gn/T//ccy1isTw.s:148    .text.startup:0000000000000078 .L12
/var/folders/t1/hcvhy4kn4wqf61nvgxt8qfpc0000gn/T//ccy1isTw.s:265    .text.startup:0000000000000106 .L13
/var/folders/t1/hcvhy4kn4wqf61nvgxt8qfpc0000gn/T//ccy1isTw.s:170    .text.startup:0000000000000094 .L2
/var/folders/t1/hcvhy4kn4wqf61nvgxt8qfpc0000gn/T//ccy1isTw.s:1884   .debug_abbrev:0000000000000000 .Ldebug_abbrev0
/var/folders/t1/hcvhy4kn4wqf61nvgxt8qfpc0000gn/T//ccy1isTw.s:2983   .debug_ranges:0000000000000000 .Ldebug_ranges0
/var/folders/t1/hcvhy4kn4wqf61nvgxt8qfpc0000gn/T//ccy1isTw.s:2993   .debug_line:0000000000000000 .Ldebug_line0
/var/folders/t1/hcvhy4kn4wqf61nvgxt8qfpc0000gn/T//ccy1isTw.s:443    .text.startup:0000000000000114 .LFB15
/var/folders/t1/hcvhy4kn4wqf61nvgxt8qfpc0000gn/T//ccy1isTw.s:501    .text.startup:0000000000000148 .LFE15
/var/folders/t1/hcvhy4kn4wqf61nvgxt8qfpc0000gn/T//ccy1isTw.s:2726   .debug_loc:0000000000000000 .LLST8
/var/folders/t1/hcvhy4kn4wqf61nvgxt8qfpc0000gn/T//ccy1isTw.s:467    .text.startup:000000000000011c .LBI16
/var/folders/t1/hcvhy4kn4wqf61nvgxt8qfpc0000gn/T//ccy1isTw.s:466    .text.startup:000000000000011c .LBB16
/var/folders/t1/hcvhy4kn4wqf61nvgxt8qfpc0000gn/T//ccy1isTw.s:493    .text.startup:000000000000013e .LBE16
/var/folders/t1/hcvhy4kn4wqf61nvgxt8qfpc0000gn/T//ccy1isTw.s:2762   .debug_loc:000000000000004b .LLST9
/var/folders/t1/hcvhy4kn4wqf61nvgxt8qfpc0000gn/T//ccy1isTw.s:2759   .debug_loc:0000000000000049 .LVUS9
/var/folders/t1/hcvhy4kn4wqf61nvgxt8qfpc0000gn/T//ccy1isTw.s:2773   .debug_loc:0000000000000061 .LLST10
/var/folders/t1/hcvhy4kn4wqf61nvgxt8qfpc0000gn/T//ccy1isTw.s:2770   .debug_loc:000000000000005f .LVUS10
/var/folders/t1/hcvhy4kn4wqf61nvgxt8qfpc0000gn/T//ccy1isTw.s:475    .text.startup:0000000000000124 .LVL25
/var/folders/t1/hcvhy4kn4wqf61nvgxt8qfpc0000gn/T//ccy1isTw.s:489    .text.startup:000000000000013e .LVL26
/var/folders/t1/hcvhy4kn4wqf61nvgxt8qfpc0000gn/T//ccy1isTw.s:281    .text:0000000000000000 .LFB13
/var/folders/t1/hcvhy4kn4wqf61nvgxt8qfpc0000gn/T//ccy1isTw.s:438    .text:00000000000000b2 .LFE13
/var/folders/t1/hcvhy4kn4wqf61nvgxt8qfpc0000gn/T//ccy1isTw.s:2782   .debug_loc:0000000000000076 .LLST7
/var/folders/t1/hcvhy4kn4wqf61nvgxt8qfpc0000gn/T//ccy1isTw.s:355    .text:0000000000000030 .LVL20
/var/folders/t1/hcvhy4kn4wqf61nvgxt8qfpc0000gn/T//ccy1isTw.s:364    .text:000000000000003c .LVL21
/var/folders/t1/hcvhy4kn4wqf61nvgxt8qfpc0000gn/T//ccy1isTw.s:405    .text:0000000000000080 .LVL22
/var/folders/t1/hcvhy4kn4wqf61nvgxt8qfpc0000gn/T//ccy1isTw.s:413    .text:000000000000008c .LVL23
/var/folders/t1/hcvhy4kn4wqf61nvgxt8qfpc0000gn/T//ccy1isTw.s:23     .text.startup:0000000000000000 .LFB12
/var/folders/t1/hcvhy4kn4wqf61nvgxt8qfpc0000gn/T//ccy1isTw.s:275    .text.startup:0000000000000114 .LFE12
/var/folders/t1/hcvhy4kn4wqf61nvgxt8qfpc0000gn/T//ccy1isTw.s:2875   .debug_loc:0000000000000141 .LLST0
/var/folders/t1/hcvhy4kn4wqf61nvgxt8qfpc0000gn/T//ccy1isTw.s:53     .text.startup:0000000000000016 .LBI8
/var/folders/t1/hcvhy4kn4wqf61nvgxt8qfpc0000gn/T//ccy1isTw.s:52     .text.startup:0000000000000016 .LBB8
/var/folders/t1/hcvhy4kn4wqf61nvgxt8qfpc0000gn/T//ccy1isTw.s:76     .text.startup:0000000000000028 .LBE8
/var/folders/t1/hcvhy4kn4wqf61nvgxt8qfpc0000gn/T//ccy1isTw.s:2897   .debug_loc:0000000000000170 .LLST1
/var/folders/t1/hcvhy4kn4wqf61nvgxt8qfpc0000gn/T//ccy1isTw.s:2894   .debug_loc:000000000000016e .LVUS1
/var/folders/t1/hcvhy4kn4wqf61nvgxt8qfpc0000gn/T//ccy1isTw.s:2909   .debug_loc:000000000000018a .LLST2
/var/folders/t1/hcvhy4kn4wqf61nvgxt8qfpc0000gn/T//ccy1isTw.s:2906   .debug_loc:0000000000000188 .LVUS2
/var/folders/t1/hcvhy4kn4wqf61nvgxt8qfpc0000gn/T//ccy1isTw.s:2921   .debug_loc:00000000000001a4 .LLST3
/var/folders/t1/hcvhy4kn4wqf61nvgxt8qfpc0000gn/T//ccy1isTw.s:2918   .debug_loc:00000000000001a2 .LVUS3
/var/folders/t1/hcvhy4kn4wqf61nvgxt8qfpc0000gn/T//ccy1isTw.s:135    .text.startup:0000000000000072 .LBI10
/var/folders/t1/hcvhy4kn4wqf61nvgxt8qfpc0000gn/T//ccy1isTw.s:134    .text.startup:0000000000000072 .LBB10
/var/folders/t1/hcvhy4kn4wqf61nvgxt8qfpc0000gn/T//ccy1isTw.s:157    .text.startup:0000000000000084 .LBE10
/var/folders/t1/hcvhy4kn4wqf61nvgxt8qfpc0000gn/T//ccy1isTw.s:2933   .debug_loc:00000000000001be .LLST4
/var/folders/t1/hcvhy4kn4wqf61nvgxt8qfpc0000gn/T//ccy1isTw.s:2930   .debug_loc:00000000000001bc .LVUS4
/var/folders/t1/hcvhy4kn4wqf61nvgxt8qfpc0000gn/T//ccy1isTw.s:2945   .debug_loc:00000000000001d8 .LLST5
/var/folders/t1/hcvhy4kn4wqf61nvgxt8qfpc0000gn/T//ccy1isTw.s:2942   .debug_loc:00000000000001d6 .LVUS5
/var/folders/t1/hcvhy4kn4wqf61nvgxt8qfpc0000gn/T//ccy1isTw.s:2957   .debug_loc:00000000000001f2 .LLST6
/var/folders/t1/hcvhy4kn4wqf61nvgxt8qfpc0000gn/T//ccy1isTw.s:2954   .debug_loc:00000000000001f0 .LVUS6
/var/folders/t1/hcvhy4kn4wqf61nvgxt8qfpc0000gn/T//ccy1isTw.s:252    .text.startup:0000000000000100 .LBI12
/var/folders/t1/hcvhy4kn4wqf61nvgxt8qfpc0000gn/T//ccy1isTw.s:251    .text.startup:0000000000000100 .LBB12
/var/folders/t1/hcvhy4kn4wqf61nvgxt8qfpc0000gn/T//ccy1isTw.s:273    .text.startup:0000000000000114 .LBE12
/var/folders/t1/hcvhy4kn4wqf61nvgxt8qfpc0000gn/T//ccy1isTw.s:84     .text.startup:0000000000000030 .LVL2
/var/folders/t1/hcvhy4kn4wqf61nvgxt8qfpc0000gn/T//ccy1isTw.s:108    .text.startup:000000000000004e .LVL3
/var/folders/t1/hcvhy4kn4wqf61nvgxt8qfpc0000gn/T//ccy1isTw.s:116    .text.startup:000000000000005a .LVL4
/var/folders/t1/hcvhy4kn4wqf61nvgxt8qfpc0000gn/T//ccy1isTw.s:124    .text.startup:0000000000000066 .LVL5
/var/folders/t1/hcvhy4kn4wqf61nvgxt8qfpc0000gn/T//ccy1isTw.s:132    .text.startup:0000000000000072 .LVL6
/var/folders/t1/hcvhy4kn4wqf61nvgxt8qfpc0000gn/T//ccy1isTw.s:163    .text.startup:000000000000008c .LVL8
/var/folders/t1/hcvhy4kn4wqf61nvgxt8qfpc0000gn/T//ccy1isTw.s:169    .text.startup:0000000000000094 .LVL9
/var/folders/t1/hcvhy4kn4wqf61nvgxt8qfpc0000gn/T//ccy1isTw.s:179    .text.startup:00000000000000a0 .LVL10
/var/folders/t1/hcvhy4kn4wqf61nvgxt8qfpc0000gn/T//ccy1isTw.s:187    .text.startup:00000000000000ac .LVL11
/var/folders/t1/hcvhy4kn4wqf61nvgxt8qfpc0000gn/T//ccy1isTw.s:195    .text.startup:00000000000000b8 .LVL12
/var/folders/t1/hcvhy4kn4wqf61nvgxt8qfpc0000gn/T//ccy1isTw.s:201    .text.startup:00000000000000c0 .LVL13
/var/folders/t1/hcvhy4kn4wqf61nvgxt8qfpc0000gn/T//ccy1isTw.s:213    .text.startup:00000000000000d0 .LVL14
/var/folders/t1/hcvhy4kn4wqf61nvgxt8qfpc0000gn/T//ccy1isTw.s:221    .text.startup:00000000000000dc .LVL15
/var/folders/t1/hcvhy4kn4wqf61nvgxt8qfpc0000gn/T//ccy1isTw.s:229    .text.startup:00000000000000e8 .LVL16
/var/folders/t1/hcvhy4kn4wqf61nvgxt8qfpc0000gn/T//ccy1isTw.s:235    .text.startup:00000000000000f0 .LVL17
/var/folders/t1/hcvhy4kn4wqf61nvgxt8qfpc0000gn/T//ccy1isTw.s:245    .text.startup:00000000000000fc .LVL18
/var/folders/t1/hcvhy4kn4wqf61nvgxt8qfpc0000gn/T//ccy1isTw.s:447    .text.startup:0000000000000116 .LCFI16
/var/folders/t1/hcvhy4kn4wqf61nvgxt8qfpc0000gn/T//ccy1isTw.s:451    .text.startup:0000000000000118 .LCFI17
/var/folders/t1/hcvhy4kn4wqf61nvgxt8qfpc0000gn/T//ccy1isTw.s:455    .text.startup:000000000000011a .LCFI18
/var/folders/t1/hcvhy4kn4wqf61nvgxt8qfpc0000gn/T//ccy1isTw.s:459    .text.startup:000000000000011c .LCFI19
/var/folders/t1/hcvhy4kn4wqf61nvgxt8qfpc0000gn/T//ccy1isTw.s:469    .text.startup:000000000000011c .LVL24
/var/folders/t1/hcvhy4kn4wqf61nvgxt8qfpc0000gn/T//ccy1isTw.s:285    .text:0000000000000002 .LCFI2
/var/folders/t1/hcvhy4kn4wqf61nvgxt8qfpc0000gn/T//ccy1isTw.s:289    .text:0000000000000004 .LCFI3
/var/folders/t1/hcvhy4kn4wqf61nvgxt8qfpc0000gn/T//ccy1isTw.s:296    .text:000000000000000c .LCFI4
/var/folders/t1/hcvhy4kn4wqf61nvgxt8qfpc0000gn/T//ccy1isTw.s:300    .text:000000000000000e .LCFI5
/var/folders/t1/hcvhy4kn4wqf61nvgxt8qfpc0000gn/T//ccy1isTw.s:304    .text:0000000000000010 .LCFI6
/var/folders/t1/hcvhy4kn4wqf61nvgxt8qfpc0000gn/T//ccy1isTw.s:308    .text:0000000000000012 .LCFI7
/var/folders/t1/hcvhy4kn4wqf61nvgxt8qfpc0000gn/T//ccy1isTw.s:312    .text:0000000000000014 .LCFI8
/var/folders/t1/hcvhy4kn4wqf61nvgxt8qfpc0000gn/T//ccy1isTw.s:316    .text:0000000000000016 .LCFI9
/var/folders/t1/hcvhy4kn4wqf61nvgxt8qfpc0000gn/T//ccy1isTw.s:320    .text:0000000000000018 .LCFI10
/var/folders/t1/hcvhy4kn4wqf61nvgxt8qfpc0000gn/T//ccy1isTw.s:324    .text:000000000000001a .LCFI11
/var/folders/t1/hcvhy4kn4wqf61nvgxt8qfpc0000gn/T//ccy1isTw.s:328    .text:000000000000001c .LCFI12
/var/folders/t1/hcvhy4kn4wqf61nvgxt8qfpc0000gn/T//ccy1isTw.s:332    .text:000000000000001e .LCFI13
/var/folders/t1/hcvhy4kn4wqf61nvgxt8qfpc0000gn/T//ccy1isTw.s:336    .text:0000000000000020 .LCFI14
/var/folders/t1/hcvhy4kn4wqf61nvgxt8qfpc0000gn/T//ccy1isTw.s:340    .text:0000000000000022 .LCFI15
/var/folders/t1/hcvhy4kn4wqf61nvgxt8qfpc0000gn/T//ccy1isTw.s:29     .text.startup:0000000000000004 .LCFI0
/var/folders/t1/hcvhy4kn4wqf61nvgxt8qfpc0000gn/T//ccy1isTw.s:32     .text.startup:0000000000000006 .LCFI1
/var/folders/t1/hcvhy4kn4wqf61nvgxt8qfpc0000gn/T//ccy1isTw.s:51     .text.startup:0000000000000016 .LVL0
/var/folders/t1/hcvhy4kn4wqf61nvgxt8qfpc0000gn/T//ccy1isTw.s:73     .text.startup:0000000000000028 .LVL1
/var/folders/t1/hcvhy4kn4wqf61nvgxt8qfpc0000gn/T//ccy1isTw.s:154    .text.startup:0000000000000084 .LVL7
/var/folders/t1/hcvhy4kn4wqf61nvgxt8qfpc0000gn/T//ccy1isTw.s:547    .debug_info:0000000000000000 .Ldebug_info0
/var/folders/t1/hcvhy4kn4wqf61nvgxt8qfpc0000gn/T//ccy1isTw.s:8      .text:0000000000000000 .Ltext0
/var/folders/t1/hcvhy4kn4wqf61nvgxt8qfpc0000gn/T//ccy1isTw.s:539    .text:00000000000000b2 .Letext0

UNDEFINED SYMBOLS
can_init
strcpy
_ZN5USART9UsartPutsEPc
_ZN5TimerC1Ev
_ZN5Timer24Timer_0_Compare_ISR_initEv
_ZN5USART9UsartGetcEv
can_send_message
can_check_message
can_get_message
_ZN6Button11Button_readEv
_ZN6ButtonC1Ev
_ZN5USARTC1Ehhhm
__do_global_ctors
__do_copy_data
__do_clear_bss
